This is pdfTeX, Version 3.1415926-2.4-1.40.13 (MiKTeX 2.9 64-bit) (preloaded format=pdflatex 2013.9.24)  21 JUN 2015 16:26
entering extended mode
**Takami_Furukawa_etal_AutonomousRobots2014*-*with_figure.tex

("F:\GoogleDrive\CMS\Papers\2015AcousticLocalization_Kuya\Submission\2014Autono
mouseRobots_Kuya\Takami_Furukawa_etal_AutonomousRobots2014 - with_figure.tex"
LaTeX2e <2011/06/27>
Babel <v3.8m> and hyphenation patterns for english, afrikaans, ancientgreek, ar
abic, armenian, assamese, basque, bengali, bokmal, bulgarian, catalan, coptic, 
croatian, czech, danish, dutch, esperanto, estonian, farsi, finnish, french, ga
lician, german, german-x-2012-05-30, greek, gujarati, hindi, hungarian, iceland
ic, indonesian, interlingua, irish, italian, kannada, kurmanji, latin, latvian,
 lithuanian, malayalam, marathi, mongolian, mongolianlmc, monogreek, ngerman, n
german-x-2012-05-30, nynorsk, oriya, panjabi, pinyin, polish, portuguese, roman
ian, russian, sanskrit, serbian, slovak, slovenian, spanish, swedish, swissgerm
an, tamil, telugu, turkish, turkmen, ukenglish, ukrainian, uppersorbian, usengl
ishmax, welsh, loaded.

LaTeX Warning: File `example.eps' already exists on the system.
               Not generating it from this source.

("H:\Program Files\MiKTeX 2.9\tex/latex\base\fix-cm.sty"
Package: fix-cm 2006/09/13 v1.1m fixes to LaTeX

("H:\Program Files\MiKTeX 2.9\tex/latex\base\ts1enc.def"
File: ts1enc.def 2001/06/05 v3.0e (jk/car/fm) Standard LaTeX file
))
(F:\GoogleDrive\CMS\Papers\2015AcousticLocalization_Kuya\Submission\2014Autonom
ouseRobots_Kuya\svjour3.cls
Document Class: svjour3 2007/05/08 v3.2 
LaTeX document class for Springer journals
("H:\Program Files\MiKTeX 2.9\tex/latex\base\fleqn.clo"
File: fleqn.clo 1998/08/17 v1.1c Standard LaTeX option (flush left equations)
\mathindent=\dimen102
)
Class Springer-SVJour3 Info: extra/valid Springer sub-package (-> *.clo) 
(Springer-SVJour3)           not found in option list of \documentclass
(Springer-SVJour3)           - autoactivating "global" style.

(F:\GoogleDrive\CMS\Papers\2015AcousticLocalization_Kuya\Submission\2014Autonom
ouseRobots_Kuya\svglov3.clo
File: svglov3.clo 2009/12/18 v3.2 style option for standardised journals

SVJour Class option: svglov3.clo for standardised journals
)
LaTeX Font Info:    Redeclaring math symbol \Gamma on input line 147.
LaTeX Font Info:    Redeclaring math symbol \Delta on input line 148.
LaTeX Font Info:    Redeclaring math symbol \Theta on input line 149.
LaTeX Font Info:    Redeclaring math symbol \Lambda on input line 150.
LaTeX Font Info:    Redeclaring math symbol \Xi on input line 151.
LaTeX Font Info:    Redeclaring math symbol \Pi on input line 152.
LaTeX Font Info:    Redeclaring math symbol \Sigma on input line 153.
LaTeX Font Info:    Redeclaring math symbol \Upsilon on input line 154.
LaTeX Font Info:    Redeclaring math symbol \Phi on input line 155.
LaTeX Font Info:    Redeclaring math symbol \Psi on input line 156.
LaTeX Font Info:    Redeclaring math symbol \Omega on input line 157.
\logodepth=\dimen103
\headerboxheight=\dimen104
\betweenumberspace=\dimen105
\aftertext=\dimen106
\headlineindent=\dimen107
\c@inst=\count79
\c@auth=\count80
\instindent=\dimen108
\authrun=\box26
\authorrunning=\toks14
\titrun=\box27
\titlerunning=\toks15
\combirun=\box28
\c@lastpage=\count81
\rubricwidth=\dimen109
\c@section=\count82
\c@subsection=\count83
\c@subsubsection=\count84
\c@paragraph=\count85
\c@subparagraph=\count86
\spthmsep=\dimen110
\c@theorem=\count87
\c@case=\count88
\c@conjecture=\count89
\c@corollary=\count90
\c@definition=\count91
\c@example=\count92
\c@exercise=\count93
\c@lemma=\count94
\c@note=\count95
\c@problem=\count96
\c@property=\count97
\c@proposition=\count98
\c@question=\count99
\c@solution=\count100
\c@remark=\count101
\c@figure=\count102
\c@table=\count103
\abovecaptionskip=\skip41
\belowcaptionskip=\skip42
\figcapgap=\dimen111
\tabcapgap=\dimen112
\figgap=\dimen113
\bibindent=\dimen114
\@tempcntc=\count104
) ("H:\Program Files\MiKTeX 2.9\tex/latex\graphics\graphicx.sty"
Package: graphicx 1999/02/16 v1.0f Enhanced LaTeX Graphics (DPC,SPQR)

("H:\Program Files\MiKTeX 2.9\tex/latex\graphics\keyval.sty"
Package: keyval 1999/03/16 v1.13 key=value parser (DPC)
\KV@toks@=\toks16
)
("H:\Program Files\MiKTeX 2.9\tex/latex\graphics\graphics.sty"
Package: graphics 2009/02/05 v1.0o Standard LaTeX Graphics (DPC,SPQR)

("H:\Program Files\MiKTeX 2.9\tex/latex\graphics\trig.sty"
Package: trig 1999/03/16 v1.09 sin cos tan (DPC)
)
("H:\Program Files\MiKTeX 2.9\tex/latex\00miktex\graphics.cfg"
File: graphics.cfg 2007/01/18 v1.5 graphics configuration of teTeX/TeXLive
)
Package graphics Info: Driver file: pdftex.def on input line 91.

("H:\Program Files\MiKTeX 2.9\tex/latex\pdftex-def\pdftex.def"
File: pdftex.def 2011/05/27 v0.06d Graphics/color for pdfTeX

("H:\Program Files\MiKTeX 2.9\tex/generic\oberdiek\infwarerr.sty"
Package: infwarerr 2010/04/08 v1.3 Providing info/warning/error messages (HO)
)
("H:\Program Files\MiKTeX 2.9\tex/generic\oberdiek\ltxcmds.sty"
Package: ltxcmds 2011/11/09 v1.22 LaTeX kernel commands for general use (HO)
)
\Gread@gobject=\count105
))
\Gin@req@height=\dimen115
\Gin@req@width=\dimen116
)
("H:\Program Files\MiKTeX 2.9\tex/latex\amsfonts\amssymb.sty"
Package: amssymb 2013/01/14 v3.01 AMS font symbols

("H:\Program Files\MiKTeX 2.9\tex/latex\amsfonts\amsfonts.sty"
Package: amsfonts 2013/01/14 v3.01 Basic AMSFonts support
\@emptytoks=\toks17
\symAMSa=\mathgroup4
\symAMSb=\mathgroup5
LaTeX Font Info:    Overwriting math alphabet `\mathfrak' in version `bold'
(Font)                  U/euf/m/n --> U/euf/b/n on input line 106.
))
("H:\Program Files\MiKTeX 2.9\tex/latex\amsmath\amsmath.sty"
Package: amsmath 2013/01/14 v2.14 AMS math features
\@mathmargin=\skip43

For additional information on amsmath, use the `?' option.
("H:\Program Files\MiKTeX 2.9\tex/latex\amsmath\amstext.sty"
Package: amstext 2000/06/29 v2.01

("H:\Program Files\MiKTeX 2.9\tex/latex\amsmath\amsgen.sty"
File: amsgen.sty 1999/11/30 v2.0
\@emptytoks=\toks18
\ex@=\dimen117
))
("H:\Program Files\MiKTeX 2.9\tex/latex\amsmath\amsbsy.sty"
Package: amsbsy 1999/11/29 v1.2d
\pmbraise@=\dimen118
)
("H:\Program Files\MiKTeX 2.9\tex/latex\amsmath\amsopn.sty"
Package: amsopn 1999/12/14 v2.01 operator names
)
\inf@bad=\count106
LaTeX Info: Redefining \frac on input line 210.
\uproot@=\count107
\leftroot@=\count108
LaTeX Info: Redefining \overline on input line 306.
\classnum@=\count109
\DOTSCASE@=\count110
LaTeX Info: Redefining \ldots on input line 378.
LaTeX Info: Redefining \dots on input line 381.
LaTeX Info: Redefining \cdots on input line 466.
\Mathstrutbox@=\box29
\strutbox@=\box30
\big@size=\dimen119
LaTeX Font Info:    Redeclaring font encoding OML on input line 566.
LaTeX Font Info:    Redeclaring font encoding OMS on input line 567.


Package amsmath Warning: Unable to redefine math accent \vec.

\macc@depth=\count111
\c@MaxMatrixCols=\count112
\dotsspace@=\muskip10
\c@parentequation=\count113
\dspbrk@lvl=\count114
\tag@help=\toks19
\row@=\count115
\column@=\count116
\maxfields@=\count117
\andhelp@=\toks20
\eqnshift@=\dimen120
\alignsep@=\dimen121
\tagshift@=\dimen122
\tagwidth@=\dimen123
\totwidth@=\dimen124
\lineht@=\dimen125
\@envbody=\toks21
\multlinegap=\skip44
\multlinetaggap=\skip45
\mathdisplay@stack=\toks22
LaTeX Info: Redefining \[ on input line 2665.
LaTeX Info: Redefining \] on input line 2666.
) ("H:\Program Files\MiKTeX 2.9\tex/latex\tools\verbatim.sty"
Package: verbatim 2003/08/22 v1.5q LaTeX2e package for verbatim enhancements
\every@verbatim=\toks23
\verbatim@line=\toks24
\verbatim@in@stream=\read1
)
(C:\Users\Kuya\AppData\Roaming\MiKTeX\2.9\tex\latex\subfigure\subfigure.sty
Package: subfigure 2002/07/30 v2.1.4 subfigure package
\subfigtopskip=\skip46
\subfigcapskip=\skip47
\subfigcaptopadj=\dimen126
\subfigbottomskip=\skip48
\subfigcapmargin=\dimen127
\subfiglabelskip=\skip49
\c@subfigure=\count118
\c@lofdepth=\count119
\c@subtable=\count120
\c@lotdepth=\count121

****************************************
* Local config file subfigure.cfg used *
****************************************
(C:\Users\Kuya\AppData\Roaming\MiKTeX\2.9\tex\latex\subfigure\subfigure.cfg)
\subfig@top=\skip50
\subfig@bottom=\skip51
)
("H:\Program Files\MiKTeX 2.9\tex/latex\graphics\epsfig.sty"
Package: epsfig 1999/02/16 v1.7a (e)psfig emulation (SPQR)
\epsfxsize=\dimen128
\epsfysize=\dimen129
)
(C:\Users\Kuya\AppData\Roaming\MiKTeX\2.9\tex\latex\rotating\rotating.sty
Package: rotating 2009/03/28 v2.16a rotated objects in LaTeX

("H:\Program Files\MiKTeX 2.9\tex/latex\base\ifthen.sty"
Package: ifthen 2001/05/26 v1.1c Standard LaTeX ifthen package (DPC)
)
\c@r@tfl@t=\count122
\rotFPtop=\skip52
\rotFPbot=\skip53
\rot@float@box=\box31
\rot@mess@toks=\toks25
)
(C:\Users\Kuya\AppData\Roaming\MiKTeX\2.9\tex\latex\xcolor\xcolor.sty
Package: xcolor 2007/01/21 v2.11 LaTeX color extensions (UK)

("H:\Program Files\MiKTeX 2.9\tex/latex\00miktex\color.cfg"
File: color.cfg 2007/01/18 v1.5 color configuration of teTeX/TeXLive
)
Package xcolor Info: Package option `usenames' ignored on input line 216.
Package xcolor Info: Driver file: pdftex.def on input line 225.

(C:\Users\Kuya\AppData\Roaming\MiKTeX\2.9\tex\latex\colortbl\colortbl.sty
Package: colortbl 2012/02/13 v1.0a Color table columns (DPC)

("H:\Program Files\MiKTeX 2.9\tex/latex\tools\array.sty"
Package: array 2008/09/09 v2.4c Tabular extension package (FMi)
\col@sep=\dimen130
\extrarowheight=\dimen131
\NC@list=\toks26
\extratabsurround=\skip54
\backup@length=\skip55
)
\everycr=\toks27
\minrowclearance=\skip56
)
\rownum=\count123
Package xcolor Info: Model `cmy' substituted by `cmy0' on input line 1337.
Package xcolor Info: Model `hsb' substituted by `rgb' on input line 1341.
Package xcolor Info: Model `RGB' extended on input line 1353.
Package xcolor Info: Model `HTML' substituted by `rgb' on input line 1355.
Package xcolor Info: Model `Hsb' substituted by `hsb' on input line 1356.
Package xcolor Info: Model `tHsb' substituted by `hsb' on input line 1357.
Package xcolor Info: Model `HSB' substituted by `hsb' on input line 1358.
Package xcolor Info: Model `Gray' substituted by `gray' on input line 1359.
Package xcolor Info: Model `wave' substituted by `hsb' on input line 1360.

("H:\Program Files\MiKTeX 2.9\tex/latex\graphics\dvipsnam.def"
File: dvipsnam.def 1999/02/16 v3.0i Driver-dependant file (DPC,SPQR)
)
(C:\Users\Kuya\AppData\Roaming\MiKTeX\2.9\tex\latex\xcolor\svgnam.def
File: svgnam.def 2007/01/21 v2.11 Predefined colors according to SVG 1.1 (UK)
))
("H:\Program Files\MiKTeX 2.9\tex/latex\hyperref\hyperref.sty"
Package: hyperref 2012/11/06 v6.83m Hypertext links for LaTeX

("H:\Program Files\MiKTeX 2.9\tex/generic\oberdiek\hobsub-hyperref.sty"
Package: hobsub-hyperref 2012/04/25 v1.12 Bundle oberdiek, subset hyperref (HO)


("H:\Program Files\MiKTeX 2.9\tex/generic\oberdiek\hobsub-generic.sty"
Package: hobsub-generic 2012/04/25 v1.12 Bundle oberdiek, subset generic (HO)
Package: hobsub 2012/04/25 v1.12 Construct package bundles (HO)
Package hobsub Info: Skipping package `infwarerr' (already loaded).
Package hobsub Info: Skipping package `ltxcmds' (already loaded).
Package: ifluatex 2010/03/01 v1.3 Provides the ifluatex switch (HO)
Package ifluatex Info: LuaTeX not detected.
Package: ifvtex 2010/03/01 v1.5 Detect VTeX and its facilities (HO)
Package ifvtex Info: VTeX not detected.
Package: intcalc 2007/09/27 v1.1 Expandable calculations with integers (HO)
Package: ifpdf 2011/01/30 v2.3 Provides the ifpdf switch (HO)
Package ifpdf Info: pdfTeX in PDF mode is detected.
Package: etexcmds 2011/02/16 v1.5 Avoid name clashes with e-TeX commands (HO)
Package etexcmds Info: Could not find \expanded.
(etexcmds)             That can mean that you are not using pdfTeX 1.50 or
(etexcmds)             that some package has redefined \expanded.
(etexcmds)             In the latter case, load this package earlier.
Package: kvsetkeys 2012/04/25 v1.16 Key value parser (HO)
Package: kvdefinekeys 2011/04/07 v1.3 Define keys (HO)
Package: pdftexcmds 2011/11/29 v0.20 Utility functions of pdfTeX for LuaTeX (HO
)
Package pdftexcmds Info: LuaTeX not detected.
Package pdftexcmds Info: \pdf@primitive is available.
Package pdftexcmds Info: \pdf@ifprimitive is available.
Package pdftexcmds Info: \pdfdraftmode found.
Package: pdfescape 2011/11/25 v1.13 Implements pdfTeX's escape features (HO)
Package: bigintcalc 2012/04/08 v1.3 Expandable calculations on big integers (HO
)
Package: bitset 2011/01/30 v1.1 Handle bit-vector datatype (HO)
Package: uniquecounter 2011/01/30 v1.2 Provide unlimited unique counter (HO)
)
Package hobsub Info: Skipping package `hobsub' (already loaded).
Package: letltxmacro 2010/09/02 v1.4 Let assignment for LaTeX macros (HO)
Package: hopatch 2011/06/24 v1.1 Wrapper for package hooks (HO)
Package: xcolor-patch 2011/01/30 xcolor patch
Package: atveryend 2011/06/30 v1.8 Hooks at the very end of document (HO)
Package atveryend Info: \enddocument detected (standard20110627).
Package: atbegshi 2011/10/05 v1.16 At begin shipout hook (HO)
Package: refcount 2011/10/16 v3.4 Data extraction from label references (HO)
Package: hycolor 2011/01/30 v1.7 Color options for hyperref/bookmark (HO)
)
("H:\Program Files\MiKTeX 2.9\tex/generic\ifxetex\ifxetex.sty"
Package: ifxetex 2010/09/12 v0.6 Provides ifxetex conditional
)
("H:\Program Files\MiKTeX 2.9\tex/latex\oberdiek\auxhook.sty"
Package: auxhook 2011/03/04 v1.3 Hooks for auxiliary files (HO)
)
("H:\Program Files\MiKTeX 2.9\tex/latex\oberdiek\kvoptions.sty"
Package: kvoptions 2011/06/30 v3.11 Key value format for package options (HO)
)
\@linkdim=\dimen132
\Hy@linkcounter=\count124
\Hy@pagecounter=\count125

("H:\Program Files\MiKTeX 2.9\tex/latex\hyperref\pd1enc.def"
File: pd1enc.def 2012/11/06 v6.83m Hyperref: PDFDocEncoding definition (HO)
)
\Hy@SavedSpaceFactor=\count126

("H:\Program Files\MiKTeX 2.9\tex/latex\00miktex\hyperref.cfg"
File: hyperref.cfg 2002/06/06 v1.2 hyperref configuration of TeXLive
)
Package hyperref Info: Option `breaklinks' set `true' on input line 4319.
Package hyperref Info: Option `colorlinks' set `true' on input line 4319.
Package hyperref Info: Option `bookmarks' set `false' on input line 4319.
Package hyperref Info: Hyper figures OFF on input line 4443.
Package hyperref Info: Link nesting OFF on input line 4448.
Package hyperref Info: Hyper index ON on input line 4451.
Package hyperref Info: Plain pages OFF on input line 4458.
Package hyperref Info: Backreferencing ON on input line 4461.
Package hyperref Info: Implicit mode ON; LaTeX internals redefined.
Package hyperref Info: Bookmarks OFF on input line 4694.

("H:\Program Files\MiKTeX 2.9\tex/latex\hyperref\backref.sty"
Package: backref 2012/07/25 v1.38 Bibliographical back referencing

("H:\Program Files\MiKTeX 2.9\tex/latex\oberdiek\rerunfilecheck.sty"
Package: rerunfilecheck 2011/04/15 v1.7 Rerun checks for auxiliary files (HO)
Package uniquecounter Info: New unique counter `rerunfilecheck' on input line 2
82.
))
\c@Hy@tempcnt=\count127

("H:\Program Files\MiKTeX 2.9\tex/latex\ltxmisc\url.sty"
\Urlmuskip=\muskip11
Package: url 2006/04/12  ver 3.3  Verb mode for urls, etc.
)
LaTeX Info: Redefining \url on input line 5041.
\XeTeXLinkMargin=\dimen133
\Fld@menulength=\count128
\Field@Width=\dimen134
\Fld@charsize=\dimen135
Package hyperref Info: Hyper figures OFF on input line 6295.
Package hyperref Info: Link nesting OFF on input line 6300.
Package hyperref Info: Hyper index ON on input line 6303.
Package hyperref Info: backreferencing ON on input line 6308.
Package hyperref Info: Link coloring ON on input line 6313.
Package hyperref Info: Link coloring with OCG OFF on input line 6320.
Package hyperref Info: PDF/A mode OFF on input line 6325.
LaTeX Info: Redefining \ref on input line 6365.
LaTeX Info: Redefining \pageref on input line 6369.
\Hy@abspage=\count129
\c@Item=\count130
\c@Hfootnote=\count131
)

Package hyperref Message: Driver (autodetected): hpdftex.

("H:\Program Files\MiKTeX 2.9\tex/latex\hyperref\hpdftex.def"
File: hpdftex.def 2012/11/06 v6.83m Hyperref driver for pdfTeX
\Fld@listcount=\count132
\c@bookmark@seq@number=\count133
\Hy@SectionHShift=\skip57
)
("F:\GoogleDrive\CMS\Papers\2015AcousticLocalization_Kuya\Submission\2014Autono
mouseRobots_Kuya\Takami_Furukawa_etal_AutonomousRobots2014 - with_figure.aux")
LaTeX Font Info:    Checking defaults for OML/cmm/m/it on input line 304.
LaTeX Font Info:    ... okay on input line 304.
LaTeX Font Info:    Checking defaults for T1/cmr/m/n on input line 304.
LaTeX Font Info:    ... okay on input line 304.
LaTeX Font Info:    Checking defaults for OT1/cmr/m/n on input line 304.
LaTeX Font Info:    ... okay on input line 304.
LaTeX Font Info:    Checking defaults for OMS/cmsy/m/n on input line 304.
LaTeX Font Info:    ... okay on input line 304.
LaTeX Font Info:    Checking defaults for OMX/cmex/m/n on input line 304.
LaTeX Font Info:    ... okay on input line 304.
LaTeX Font Info:    Checking defaults for U/cmr/m/n on input line 304.
LaTeX Font Info:    ... okay on input line 304.
LaTeX Font Info:    Checking defaults for TS1/cmr/m/n on input line 304.
LaTeX Font Info:    ... okay on input line 304.
LaTeX Font Info:    Checking defaults for PD1/pdf/m/n on input line 304.
LaTeX Font Info:    ... okay on input line 304.

Unknown journal: specify \journalname{<name of your journal>} in preambel

(C:\Users\Kuya\AppData\Roaming\MiKTeX\2.9\tex\context\base\supp-pdf.mkii
[Loading MPS to PDF converter (version 2006.09.02).]
\scratchcounter=\count134
\scratchdimen=\dimen136
\scratchbox=\box32
\nofMPsegments=\count135
\nofMParguments=\count136
\everyMPshowfont=\toks28
\MPscratchCnt=\count137
\MPscratchDim=\dimen137
\MPnumerator=\count138
\makeMPintoPDFobject=\count139
\everyMPtoPDFconversion=\toks29
)
\AtBeginShipoutBox=\box33
Package hyperref Info: Link coloring ON on input line 304.
 ("H:\Program Files\MiKTeX 2.9\tex/latex\hyperref\nameref.sty"
Package: nameref 2012/10/27 v2.43 Cross-referencing by name of section

("H:\Program Files\MiKTeX 2.9\tex/generic\oberdiek\gettitlestring.sty"
Package: gettitlestring 2010/12/03 v1.4 Cleanup title references (HO)
)
\c@section@level=\count140
)
LaTeX Info: Redefining \ref on input line 304.
LaTeX Info: Redefining \pageref on input line 304.
LaTeX Info: Redefining \nameref on input line 304.

SVJour3 warning: Missing \journalname
LaTeX Font Info:    Try loading font information for U+msa on input line 347.
("H:\Program Files\MiKTeX 2.9\tex/latex\amsfonts\umsa.fd"
File: umsa.fd 2013/01/14 v3.01 AMS symbols A
)
LaTeX Font Info:    Try loading font information for U+msb on input line 347.

("H:\Program Files\MiKTeX 2.9\tex/latex\amsfonts\umsb.fd"
File: umsb.fd 2013/01/14 v3.01 AMS symbols B
)
LaTeX Font Info:    Calculating math sizes for size <8.5> on input line 347.
LaTeX Font Info:    Try loading font information for OMS+cmr on input line 347.


("H:\Program Files\MiKTeX 2.9\tex/latex\base\omscmr.fd"
File: omscmr.fd 1999/05/25 v2.5h Standard LaTeX font definitions
)
LaTeX Font Info:    Font shape `OMS/cmr/m/n' in size <8.5> not available
(Font)              Font shape `OMS/cmsy/m/n' tried instead on input line 347.

Underfull \hbox (badness 2837) in paragraph at lines 347--347
\OT1/cmr/m/n/8.5 Department of Me-chan-i-cal En-gi-neer-ing, Vir-ginia Tech,
 []


Underfull \vbox (badness 1895) has occurred while \output is active []

 [1{C:/Users/Kuya/AppData/Local/MiKTeX/2.9/pdftex/config/pdftex.map}


]
Underfull \vbox (badness 10000) has occurred while \output is active []

 [2]
Underfull \hbox (badness 6063) in paragraph at lines 403--404
[]\OT1/cmr/m/n/10 In the pre-dic-tion pro-cess, the tar-get be-lief
 []


Overfull \hbox (4.90082pt too wide) in paragraph at lines 403--404
\OT1/cmr/m/n/10 time step $[]$ by Chapman-Kolmogorov
 []


Underfull \hbox (badness 10000) in paragraph at lines 407--410
\OT1/cmr/m/n/10 ser-va-tions. The tar-get be-lief
 []


Overfull \hbox (4.37288pt too wide) in paragraph at lines 407--410
$[]$ \OT1/cmr/m/n/10 is cor-rected from the cor-re-spond-ing state
 []


Overfull \hbox (2.9251pt too wide) in paragraph at lines 435--437
\OT1/cmr/m/n/10 where, de-pend-ing on whether there ex-ists a tar-get within
 []

<figures/optical.png, id=134, 521.7894pt x 456.2646pt>
File: figures/optical.png Graphic file (type png)

<use figures/optical.png>
Package pdftex.def Info: figures/optical.png used on input line 442.
(pdftex.def)             Requested size: 238.96417pt x 208.95831pt.
 [3pdfTeX warning (ext4): destination with the same identifier (name{equation.2
.2}) has been already used, duplicate ignored

\AtBegShi@Output ...ipout \box \AtBeginShipoutBox 
                                                  \fi \fi 
l.453 \begin{eqnarray}
                      \label{eq:predictTGM}pdfTeX warning (ext4): destination w
ith the same identifier (name{equation.2.6}) has been already used, duplicate i
gnored

\AtBegShi@Output ...ipout \box \AtBeginShipoutBox 
                                                  \fi \fi 
l.453 \begin{eqnarray}
                      \label{eq:predictTGM}]
Overfull \hbox (13.50848pt too wide) in paragraph at lines 470--471
\OT1/cmr/m/n/10 al-lows be-lief up-date and main-te-nance re-gard-less of wheth
er
 []

<figures/FOV.png, id=154, 381.5856pt x 299.1978pt>
File: figures/FOV.png Graphic file (type png)
 <use figures/FOV.png>
Package pdftex.def Info: figures/FOV.png used on input line 474.
(pdftex.def)             Requested size: 143.37996pt x 112.42259pt.

[4 <F:/GoogleDrive/CMS/Papers/2015AcousticLocalization_Kuya/Submission/2014Auto
nomouseRobots_Kuya/figures/optical.png> <F:/GoogleDrive/CMS/Papers/2015Acoustic
Localization_Kuya/Submission/2014AutonomouseRobots_Kuya/figures/FOV.png>]
<figures/acoustic.png, id=175, 509.7444pt x 420.6114pt>
File: figures/acoustic.png Graphic file (type png)

<use figures/acoustic.png>
Package pdftex.def Info: figures/acoustic.png used on input line 502.
(pdftex.def)             Requested size: 227.62204pt x 187.8229pt.

Underfull \hbox (badness 6641) in paragraph at lines 510--511
$\OML/cmm/m/it/10 l[] []$ \OT1/cmr/m/n/10 and that of the acous-tic sen-sor
 []

<figures/joint.png, id=177, 365.6862pt x 322.3242pt>
File: figures/joint.png Graphic file (type png)
 <use figures/joint.png>
Package pdftex.def Info: figures/joint.png used on input line 521.
(pdftex.def)             Requested size: 191.17206pt x 168.50958pt.

<figures/posterior.png, id=181, 364.7226pt x 321.3606pt>
File: figures/posterior.png Graphic file (type png)

<use figures/posterior.png>
Package pdftex.def Info: figures/posterior.png used on input line 531.
(pdftex.def)             Requested size: 191.17206pt x 168.44223pt.

Overfull \hbox (1.53622pt too wide) in paragraph at lines 540--541
\OT1/cmr/m/n/10 The tech-nique pro-posed in this pa-per to model an acous-
 []

[5 <F:/GoogleDrive/CMS/Papers/2015AcousticLocalization_Kuya/Submission/2014Auto
nomouseRobots_Kuya/figures/acoustic.png> <F:/GoogleDrive/CMS/Papers/2015Acousti
cLocalization_Kuya/Submission/2014AutonomouseRobots_Kuya/figures/joint.png> <F:
/GoogleDrive/CMS/Papers/2015AcousticLocalization_Kuya/Submission/2014Autonomous
eRobots_Kuya/figures/posterior.png>]
<figures/likelihood.png, id=201, 568.524pt x 367.6134pt>
File: figures/likelihood.png Graphic file (type png)

<use figures/likelihood.png>
Package pdftex.def Info: figures/likelihood.png used on input line 545.
(pdftex.def)             Requested size: 227.62204pt x 147.18298pt.

Overfull \hbox (1.00082pt too wide) in paragraph at lines 550--551
\OT1/cmr/m/n/10 served by the left and right mi-cro-phones, be $\OML/cmm/m/it/1
0 s[] []$
 []


Underfull \vbox (badness 10000) has occurred while \output is active []


Overfull \hbox (2.50984pt too wide) in paragraph at lines 553--555
\OT1/cmr/m/n/10 If the ILD is sam-pled at $\OML/cmm/m/it/10 N$ \OT1/cmr/m/n/10 
fre-quen-cies $\OT1/cmr/bx/n/8.5 
 \OT1/cmr/m/n/8.5 = [][]$,
 []

[6 <F:/GoogleDrive/CMS/Papers/2015AcousticLocalization_Kuya/Submission/2014Auto
nomouseRobots_Kuya/figures/likelihood.png>]
<figures/experiment_schematics3.png, id=227, 423.38174pt x 412.54124pt>
File: figures/experiment_schematics3.png Graphic file (type png)

<use figures/experiment_schematics3.png>
Package pdftex.def Info: figures/experiment_schematics3.png used on input line 
600.
(pdftex.def)             Requested size: 109.92511pt x 107.10712pt.

<figures/experiment_photo.jpg, id=228, 1001.7425pt x 1003.75pt>
File: figures/experiment_photo.jpg Graphic file (type jpg)

<use figures/experiment_photo.jpg>
Package pdftex.def Info: figures/experiment_photo.jpg used on input line 604.
(pdftex.def)             Requested size: 109.92511pt x 110.13715pt.

Overfull \hbox (3.56952pt too wide) in paragraph at lines 612--624
 [][] 
 []

<figures/pos006step001.png, id=230, 578.16pt x 433.62pt>
File: figures/pos006step001.png Graphic file (type png)

<use figures/pos006step001.png>
Package pdftex.def Info: figures/pos006step001.png used on input line 633.
(pdftex.def)             Requested size: 107.53314pt x 80.64851pt.

<figures/pos022step001.png, id=231, 578.16pt x 433.62pt>
File: figures/pos022step001.png Graphic file (type png)

<use figures/pos022step001.png>
Package pdftex.def Info: figures/pos022step001.png used on input line 637.
(pdftex.def)             Requested size: 107.53314pt x 80.64851pt.

<figures/pos033step001.png, id=232, 578.16pt x 433.62pt>
File: figures/pos033step001.png Graphic file (type png)

<use figures/pos033step001.png>
Package pdftex.def Info: figures/pos033step001.png used on input line 641.
(pdftex.def)             Requested size: 107.53314pt x 80.64851pt.

<figures/pos050step001.png, id=233, 578.16pt x 433.62pt>
File: figures/pos050step001.png Graphic file (type png)

<use figures/pos050step001.png>
Package pdftex.def Info: figures/pos050step001.png used on input line 645.
(pdftex.def)             Requested size: 107.53314pt x 80.64851pt.

<figures/w1_Lw70_Ld0_step023.png, id=246, 578.16pt x 433.62pt>
File: figures/w1_Lw70_Ld0_step023.png Graphic file (type png)

<use figures/w1_Lw70_Ld0_step023.png>
Package pdftex.def Info: figures/w1_Lw70_Ld0_step023.png used on input line 657
.
(pdftex.def)             Requested size: 111.83578pt x 103.3985pt.

<figures/w1_Lw70_Ld30_step023.png, id=248, 578.16pt x 433.62pt>
File: figures/w1_Lw70_Ld30_step023.png Graphic file (type png)

<use figures/w1_Lw70_Ld30_step023.png>
Package pdftex.def Info: figures/w1_Lw70_Ld30_step023.png used on input line 66
1.
(pdftex.def)             Requested size: 111.83578pt x 103.3985pt.

<figures/w2_Lw50_Ld20_step033.png, id=250, 578.16pt x 433.62pt>
File: figures/w2_Lw50_Ld20_step033.png Graphic file (type png)

<use figures/w2_Lw50_Ld20_step033.png>
Package pdftex.def Info: figures/w2_Lw50_Ld20_step033.png used on input line 66
5.
(pdftex.def)             Requested size: 111.83578pt x 103.3985pt.

<figures/w2_Lw70_Ld20_step033.png, id=252, 578.16pt x 433.62pt>
File: figures/w2_Lw70_Ld20_step033.png Graphic file (type png)

<use figures/w2_Lw70_Ld20_step033.png>
Package pdftex.def Info: figures/w2_Lw70_Ld20_step033.png used on input line 66
9.
(pdftex.def)             Requested size: 111.83578pt x 103.3985pt.
 [7 <F:/GoogleDrive/CMS/Papers/2015AcousticLocalization_Kuya/Submission/2014Aut
onomouseRobots_Kuya/figures/experiment_schematics3.png> <F:/GoogleDrive/CMS/Pap
ers/2015AcousticLocalization_Kuya/Submission/2014AutonomouseRobots_Kuya/figures
/experiment_photo.jpg> <F:/GoogleDrive/CMS/Papers/2015AcousticLocalization_Kuya
/Submission/2014AutonomouseRobots_Kuya/figures/pos006step001.png (PNG copy)> <F
:/GoogleDrive/CMS/Papers/2015AcousticLocalization_Kuya/Submission/2014Autonomou
seRobots_Kuya/figures/pos022step001.png (PNG copy)> <F:/GoogleDrive/CMS/Papers/
2015AcousticLocalization_Kuya/Submission/2014AutonomouseRobots_Kuya/figures/pos
033step001.png (PNG copy)> <F:/GoogleDrive/CMS/Papers/2015AcousticLocalization_
Kuya/Submission/2014AutonomouseRobots_Kuya/figures/pos050step001.png (PNG copy)
>]
<figures/w1_error.PNG, id=280, 578.16pt x 433.62pt>
File: figures/w1_error.PNG Graphic file (type png)
 <use figures/w1_error.PNG>
Package pdftex.def Info: figures/w1_error.PNG used on input line 681.
(pdftex.def)             Requested size: 111.83578pt x 83.87074pt.

<figures/w2_error.PNG, id=281, 578.16pt x 433.62pt>
File: figures/w2_error.PNG Graphic file (type png)
 <use figures/w2_error.PNG>
Package pdftex.def Info: figures/w2_error.PNG used on input line 685.
(pdftex.def)             Requested size: 111.83578pt x 83.87074pt.

<figures/H_1w2w.PNG, id=282, 578.16pt x 433.62pt>
File: figures/H_1w2w.PNG Graphic file (type png)
 <use figures/H_1w2w.PNG>
Package pdftex.def Info: figures/H_1w2w.PNG used on input line 689.
(pdftex.def)             Requested size: 111.83578pt x 83.87074pt.

<figures/map.png, id=286, 302.0886pt x 372.4314pt>
File: figures/map.png Graphic file (type png)
 <use figures/map.png>
Package pdftex.def Info: figures/map.png used on input line 701.
(pdftex.def)             Requested size: 191.17206pt x 235.69002pt.

<figures/system.png, id=287, 378.213pt x 283.7802pt>
File: figures/system.png Graphic file (type png)
 <use figures/system.png>
Package pdftex.def Info: figures/system.png used on input line 708.
(pdftex.def)             Requested size: 191.17206pt x 143.43993pt.

[8 <F:/GoogleDrive/CMS/Papers/2015AcousticLocalization_Kuya/Submission/2014Auto
nomouseRobots_Kuya/figures/w1_Lw70_Ld0_step023.png (PNG copy)> <F:/GoogleDrive/
CMS/Papers/2015AcousticLocalization_Kuya/Submission/2014AutonomouseRobots_Kuya/
figures/w1_Lw70_Ld30_step023.png (PNG copy)> <F:/GoogleDrive/CMS/Papers/2015Aco
usticLocalization_Kuya/Submission/2014AutonomouseRobots_Kuya/figures/w2_Lw50_Ld
20_step033.png (PNG copy)> <F:/GoogleDrive/CMS/Papers/2015AcousticLocalization_
Kuya/Submission/2014AutonomouseRobots_Kuya/figures/w2_Lw70_Ld20_step033.png (PN
G copy)> <F:/GoogleDrive/CMS/Papers/2015AcousticLocalization_Kuya/Submission/20
14AutonomouseRobots_Kuya/figures/w1_error.PNG (PNG copy)> <F:/GoogleDrive/CMS/P
apers/2015AcousticLocalization_Kuya/Submission/2014AutonomouseRobots_Kuya/figur
es/w2_error.PNG (PNG copy)> <F:/GoogleDrive/CMS/Papers/2015AcousticLocalization
_Kuya/Submission/2014AutonomouseRobots_Kuya/figures/H_1w2w.PNG (PNG copy)> <F:/
GoogleDrive/CMS/Papers/2015AcousticLocalization_Kuya/Submission/2014Autonomouse
Robots_Kuya/figures/map.png>]
<figures/AOL_Figure1.png, id=306, 578.16pt x 433.62pt>
File: figures/AOL_Figure1.png Graphic file (type png)

<use figures/AOL_Figure1.png>
Package pdftex.def Info: figures/AOL_Figure1.png used on input line 739.
(pdftex.def)             Requested size: 109.92511pt x 96.71999pt.

<figures/AOL_Figure2.png, id=308, 578.16pt x 433.62pt>
File: figures/AOL_Figure2.png Graphic file (type png)

<use figures/AOL_Figure2.png>
Package pdftex.def Info: figures/AOL_Figure2.png used on input line 743.
(pdftex.def)             Requested size: 109.92511pt x 96.71999pt.

<figures/AOL_Figure3.png, id=310, 578.16pt x 433.62pt>
File: figures/AOL_Figure3.png Graphic file (type png)

<use figures/AOL_Figure3.png>
Package pdftex.def Info: figures/AOL_Figure3.png used on input line 747.
(pdftex.def)             Requested size: 109.92511pt x 96.71999pt.


LaTeX Warning: File `figures/AOL_Figure4.png' not found on input line 751.


! Package pdftex.def Error: File `figures/AOL_Figure4.png' not found.

See the pdftex.def package documentation for explanation.
Type  H <return>  for immediate help.
 ...                                              
                                                  
l.751   }
         
Using draft setting for this image.
Try typing  <return>  to proceed.
If that doesn't work, type  X <return>  to quit.

<figures/OOL_Figure1.png, id=314, 578.16pt x 433.62pt>
File: figures/OOL_Figure1.png Graphic file (type png)

<use figures/OOL_Figure1.png>
Package pdftex.def Info: figures/OOL_Figure1.png used on input line 763.
(pdftex.def)             Requested size: 109.92511pt x 96.71999pt.

<figures/OOL_Figure2.png, id=316, 578.16pt x 433.62pt>
File: figures/OOL_Figure2.png Graphic file (type png)

<use figures/OOL_Figure2.png>
Package pdftex.def Info: figures/OOL_Figure2.png used on input line 767.
(pdftex.def)             Requested size: 109.92511pt x 96.71999pt.

<figures/OOL_Figure3.png, id=318, 578.16pt x 433.62pt>
File: figures/OOL_Figure3.png Graphic file (type png)

<use figures/OOL_Figure3.png>
Package pdftex.def Info: figures/OOL_Figure3.png used on input line 771.
(pdftex.def)             Requested size: 109.92511pt x 96.71999pt.

<figures/OOL_Figure4.png, id=320, 578.16pt x 433.62pt>
File: figures/OOL_Figure4.png Graphic file (type png)

<use figures/OOL_Figure4.png>
Package pdftex.def Info: figures/OOL_Figure4.png used on input line 775.
(pdftex.def)             Requested size: 109.92511pt x 96.71999pt.

<figures/JOAO_Figure1.png, id=322, 578.16pt x 433.62pt>
File: figures/JOAO_Figure1.png Graphic file (type png)

<use figures/JOAO_Figure1.png>
Package pdftex.def Info: figures/JOAO_Figure1.png used on input line 785.
(pdftex.def)             Requested size: 109.92511pt x 96.71999pt.

<figures/JOAO_Figure2.png, id=324, 578.16pt x 433.62pt>
File: figures/JOAO_Figure2.png Graphic file (type png)

<use figures/JOAO_Figure2.png>
Package pdftex.def Info: figures/JOAO_Figure2.png used on input line 789.
(pdftex.def)             Requested size: 109.92511pt x 96.71999pt.

<figures/JOAO_Figure3.png, id=326, 578.16pt x 433.62pt>
File: figures/JOAO_Figure3.png Graphic file (type png)

<use figures/JOAO_Figure3.png>
Package pdftex.def Info: figures/JOAO_Figure3.png used on input line 793.
(pdftex.def)             Requested size: 109.92511pt x 96.71999pt.

<figures/JOAO_Figure4.png, id=328, 578.16pt x 433.62pt>
File: figures/JOAO_Figure4.png Graphic file (type png)

<use figures/JOAO_Figure4.png>
Package pdftex.def Info: figures/JOAO_Figure4.png used on input line 797.
(pdftex.def)             Requested size: 109.92511pt x 96.71999pt.

<figures/POA_Figure1.png, id=331, 578.16pt x 433.62pt>
File: figures/POA_Figure1.png Graphic file (type png)

<use figures/POA_Figure1.png>
Package pdftex.def Info: figures/POA_Figure1.png used on input line 815.
(pdftex.def)             Requested size: 109.92511pt x 96.71999pt.

<figures/POA_Figure7.png, id=333, 578.16pt x 433.62pt>
File: figures/POA_Figure7.png Graphic file (type png)

<use figures/POA_Figure7.png>
Package pdftex.def Info: figures/POA_Figure7.png used on input line 819.
(pdftex.def)             Requested size: 109.92511pt x 96.71999pt.

<figures/POA_Figure35.png, id=335, 578.16pt x 433.62pt>
File: figures/POA_Figure35.png Graphic file (type png)

<use figures/POA_Figure35.png>
Package pdftex.def Info: figures/POA_Figure35.png used on input line 823.
(pdftex.def)             Requested size: 109.92511pt x 96.71999pt.

<figures/POA_Figure51.png, id=337, 578.16pt x 433.62pt>
File: figures/POA_Figure51.png Graphic file (type png)

<use figures/POA_Figure51.png>
Package pdftex.def Info: figures/POA_Figure51.png used on input line 827.
(pdftex.def)             Requested size: 109.92511pt x 96.71999pt.
 [9 <F:/GoogleDrive/CMS/Papers/2015AcousticLocalization_Kuya/Submission/2014Aut
onomouseRobots_Kuya/figures/AOL_Figure1.png (PNG copy)> <F:/GoogleDrive/CMS/Pap
ers/2015AcousticLocalization_Kuya/Submission/2014AutonomouseRobots_Kuya/figures
/AOL_Figure2.png (PNG copy)> <F:/GoogleDrive/CMS/Papers/2015AcousticLocalizatio
n_Kuya/Submission/2014AutonomouseRobots_Kuya/figures/AOL_Figure3.png (PNG copy)
> <F:/GoogleDrive/CMS/Papers/2015AcousticLocalization_Kuya/Submission/2014Auton
omouseRobots_Kuya/figures/OOL_Figure1.png (PNG copy)> <F:/GoogleDrive/CMS/Paper
s/2015AcousticLocalization_Kuya/Submission/2014AutonomouseRobots_Kuya/figures/O
OL_Figure2.png (PNG copy)> <F:/GoogleDrive/CMS/Papers/2015AcousticLocalization_
Kuya/Submission/2014AutonomouseRobots_Kuya/figures/OOL_Figure3.png (PNG copy)> 
<F:/GoogleDrive/CMS/Papers/2015AcousticLocalization_Kuya/Submission/2014Autonom
ouseRobots_Kuya/figures/OOL_Figure4.png (PNG copy)> <F:/GoogleDrive/CMS/Papers/
2015AcousticLocalization_Kuya/Submission/2014AutonomouseRobots_Kuya/figures/sys
tem.png>]
<figures/COT_Figure1.png, id=368, 578.16pt x 433.62pt>
File: figures/COT_Figure1.png Graphic file (type png)

<use figures/COT_Figure1.png>
Package pdftex.def Info: figures/COT_Figure1.png used on input line 839.
(pdftex.def)             Requested size: 109.92511pt x 96.71999pt.

<figures/COT_Figure7.png, id=370, 578.16pt x 433.62pt>
File: figures/COT_Figure7.png Graphic file (type png)

<use figures/COT_Figure7.png>
Package pdftex.def Info: figures/COT_Figure7.png used on input line 843.
(pdftex.def)             Requested size: 109.92511pt x 96.71999pt.

<figures/COT_Figure35.png, id=372, 578.16pt x 433.62pt>
File: figures/COT_Figure35.png Graphic file (type png)

<use figures/COT_Figure35.png>
Package pdftex.def Info: figures/COT_Figure35.png used on input line 847.
(pdftex.def)             Requested size: 109.92511pt x 96.71999pt.

<figures/COT_Figure51.png, id=374, 578.16pt x 433.62pt>
File: figures/COT_Figure51.png Graphic file (type png)

<use figures/COT_Figure51.png>
Package pdftex.def Info: figures/COT_Figure51.png used on input line 851.
(pdftex.def)             Requested size: 109.92511pt x 96.71999pt.

<figures/proposed_Error.png, id=376, 578.16pt x 433.62pt>
File: figures/proposed_Error.png Graphic file (type png)

<use figures/proposed_Error.png>
Package pdftex.def Info: figures/proposed_Error.png used on input line 861.
(pdftex.def)             Requested size: 109.92511pt x 89.01176pt.

<figures/proposed_KLD.png, id=378, 578.16pt x 433.62pt>
File: figures/proposed_KLD.png Graphic file (type png)

<use figures/proposed_KLD.png>
Package pdftex.def Info: figures/proposed_KLD.png used on input line 865.
(pdftex.def)             Requested size: 109.92511pt x 89.01176pt.

Underfull \hbox (badness 1178) in paragraph at lines 865--865
[]\OT1/cmr/m/n/8.5 (b) KL di-ver-gence vs time
 []

[10 <F:/GoogleDrive/CMS/Papers/2015AcousticLocalization_Kuya/Submission/2014Aut
onomouseRobots_Kuya/figures/JOAO_Figure1.png (PNG copy)> <F:/GoogleDrive/CMS/Pa
pers/2015AcousticLocalization_Kuya/Submission/2014AutonomouseRobots_Kuya/figure
s/JOAO_Figure2.png (PNG copy)> <F:/GoogleDrive/CMS/Papers/2015AcousticLocalizat
ion_Kuya/Submission/2014AutonomouseRobots_Kuya/figures/JOAO_Figure3.png (PNG co
py)> <F:/GoogleDrive/CMS/Papers/2015AcousticLocalization_Kuya/Submission/2014Au
tonomouseRobots_Kuya/figures/JOAO_Figure4.png (PNG copy)> <F:/GoogleDrive/CMS/P
apers/2015AcousticLocalization_Kuya/Submission/2014AutonomouseRobots_Kuya/figur
es/POA_Figure1.png (PNG copy)> <F:/GoogleDrive/CMS/Papers/2015AcousticLocalizat
ion_Kuya/Submission/2014AutonomouseRobots_Kuya/figures/POA_Figure7.png (PNG cop
y)> <F:/GoogleDrive/CMS/Papers/2015AcousticLocalization_Kuya/Submission/2014Aut
onomouseRobots_Kuya/figures/POA_Figure35.png (PNG copy)> <F:/GoogleDrive/CMS/Pa
pers/2015AcousticLocalization_Kuya/Submission/2014AutonomouseRobots_Kuya/figure
s/POA_Figure51.png (PNG copy)> <F:/GoogleDrive/CMS/Papers/2015AcousticLocalizat
ion_Kuya/Submission/2014AutonomouseRobots_Kuya/figures/COT_Figure1.png (PNG cop
y)> <F:/GoogleDrive/CMS/Papers/2015AcousticLocalization_Kuya/Submission/2014Aut
onomouseRobots_Kuya/figures/COT_Figure7.png (PNG copy)> <F:/GoogleDrive/CMS/Pap
ers/2015AcousticLocalization_Kuya/Submission/2014AutonomouseRobots_Kuya/figures
/COT_Figure35.png (PNG copy)> <F:/GoogleDrive/CMS/Papers/2015AcousticLocalizati
on_Kuya/Submission/2014AutonomouseRobots_Kuya/figures/COT_Figure51.png (PNG cop
y)> <F:/GoogleDrive/CMS/Papers/2015AcousticLocalization_Kuya/Submission/2014Aut
onomouseRobots_Kuya/figures/proposed_Error.png (PNG copy)> <F:/GoogleDrive/CMS/
Papers/2015AcousticLocalization_Kuya/Submission/2014AutonomouseRobots_Kuya/figu
res/proposed_KLD.png (PNG copy)>]
("F:\GoogleDrive\CMS\Papers\2015AcousticLocalization_Kuya\Submission\2014Autono
mouseRobots_Kuya\Takami_Furukawa_etal_AutonomousRobots2014 - with_figure.brf")
\tf@brf=\write3

Underfull \hbox (badness 1616) in paragraph at lines 899--899
\OT1/cmr/m/n/8.5 cassa, F. Zanella, M. Zam-botto, L. Schen-ato, and
 []


Underfull \hbox (badness 2245) in paragraph at lines 1025--1025
\OT1/cmr/m/n/8.5 Bayesian Control-Theoretic Sen-sor Man-age-ment, II:
 []

[11]
Package atveryend Info: Empty hook `BeforeClearDocument' on input line 1110.
 [12

]
Package atveryend Info: Empty hook `AfterLastShipout' on input line 1110.

("F:\GoogleDrive\CMS\Papers\2015AcousticLocalization_Kuya\Submission\2014Autono
mouseRobots_Kuya\Takami_Furukawa_etal_AutonomousRobots2014 - with_figure.aux")
Package atveryend Info: Executing hook `AtVeryEndDocument' on input line 1110.
Package atveryend Info: Executing hook `AtEndAfterFileList' on input line 1110.

Package rerunfilecheck Info: File `Takami_Furukawa_etal_AutonomousRobots2014*-*
with_figure.brf' has not changed.
(rerunfilecheck)             Checksum: <no file>.
Package atveryend Info: Empty hook `AtVeryVeryEnd' on input line 1110.
 ) 
Here is how much of TeX's memory you used:
 8509 strings out of 493921
 123598 string characters out of 3147285
 227210 words of memory out of 3000000
 11515 multiletter control sequences out of 15000+200000
 16934 words of font info for 63 fonts, out of 3000000 for 9000
 841 hyphenation exceptions out of 8191
 41i,16n,35p,1653b,455s stack positions out of 5000i,500n,10000p,200000b,50000s
<H:/Program Files/MiKTeX 2.9/fonts/type1/public/amsfonts/cm/cmbsy10.pfb><H:/P
rogram Files/MiKTeX 2.9/fonts/type1/public/amsfonts/cm/cmbx10.pfb><H:/Program F
iles/MiKTeX 2.9/fonts/type1/public/amsfonts/cm/cmbx12.pfb><H:/Program Files/MiK
TeX 2.9/fonts/type1/public/amsfonts/cm/cmbx7.pfb><H:/Program Files/MiKTeX 2.9/f
onts/type1/public/amsfonts/cm/cmbx8.pfb><H:/Program Files/MiKTeX 2.9/fonts/type
1/public/amsfonts/cm/cmex10.pfb><H:/Program Files/MiKTeX 2.9/fonts/type1/public
/amsfonts/cmextra/cmex9.pfb><H:/Program Files/MiKTeX 2.9/fonts/type1/public/ams
fonts/cm/cmmi10.pfb><H:/Program Files/MiKTeX 2.9/fonts/type1/public/amsfonts/cm
/cmmi5.pfb><H:/Program Files/MiKTeX 2.9/fonts/type1/public/amsfonts/cm/cmmi7.pf
b><H:/Program Files/MiKTeX 2.9/fonts/type1/public/amsfonts/cm/cmmi8.pfb><H:/Pro
gram Files/MiKTeX 2.9/fonts/type1/public/amsfonts/cm/cmmib10.pfb><H:/Program Fi
les/MiKTeX 2.9/fonts/type1/public/amsfonts/cm/cmr10.pfb><H:/Program Files/MiKTe
X 2.9/fonts/type1/public/amsfonts/cm/cmr5.pfb><H:/Program Files/MiKTeX 2.9/font
s/type1/public/amsfonts/cm/cmr7.pfb><H:/Program Files/MiKTeX 2.9/fonts/type1/pu
blic/amsfonts/cm/cmr8.pfb><H:/Program Files/MiKTeX 2.9/fonts/type1/public/amsfo
nts/cm/cmsy10.pfb><H:/Program Files/MiKTeX 2.9/fonts/type1/public/amsfonts/cm/c
msy5.pfb><H:/Program Files/MiKTeX 2.9/fonts/type1/public/amsfonts/cm/cmsy7.pfb>
<H:/Program Files/MiKTeX 2.9/fonts/type1/public/amsfonts/cm/cmsy8.pfb><H:/Progr
am Files/MiKTeX 2.9/fonts/type1/public/amsfonts/cm/cmti10.pfb><H:/Program Files
/MiKTeX 2.9/fonts/type1/public/amsfonts/cm/cmti8.pfb><H:/Program Files/MiKTeX 2
.9/fonts/type1/public/amsfonts/cm/cmtt8.pfb><H:/Program Files/MiKTeX 2.9/fonts/
type1/public/amsfonts/symbols/msbm10.pfb>
Output written on "Takami_Furukawa_etal_AutonomousRobots2014 - with_figure.pdf"
 (12 pages, 2687862 bytes).
PDF statistics:
 564 PDF objects out of 1000 (max. 8388607)
 138 named destinations out of 1000 (max. 500000)
 361 words of extra memory for PDF output out of 10000 (max. 10000000)

