This is pdfTeX, Version 3.1415926-2.4-1.40.13 (MiKTeX 2.9 64-bit) (preloaded format=pdflatex 2013.9.24)  3 JUL 2015 14:02
entering extended mode
**Takami_Furukawa_etal_AutonomousRobots2014.tex
(H:\github\2014AutonomouseRobots\Takami_Furukawa_etal_AutonomousRobots2014.tex
LaTeX2e <2011/06/27>
Babel <v3.8m> and hyphenation patterns for english, afrikaans, ancientgreek, ar
abic, armenian, assamese, basque, bengali, bokmal, bulgarian, catalan, coptic, 
croatian, czech, danish, dutch, esperanto, estonian, farsi, finnish, french, ga
lician, german, german-x-2012-05-30, greek, gujarati, hindi, hungarian, iceland
ic, indonesian, interlingua, irish, italian, kannada, kurmanji, latin, latvian,
 lithuanian, malayalam, marathi, mongolian, mongolianlmc, monogreek, ngerman, n
german-x-2012-05-30, nynorsk, oriya, panjabi, pinyin, polish, portuguese, roman
ian, russian, sanskrit, serbian, slovak, slovenian, spanish, swedish, swissgerm
an, tamil, telugu, turkish, turkmen, ukenglish, ukrainian, uppersorbian, usengl
ishmax, welsh, loaded.

LaTeX Warning: File `example.eps' already exists on the system.
               Not generating it from this source.

("H:\Program Files\MiKTeX 2.9\tex/latex\base\fix-cm.sty"
Package: fix-cm 2006/09/13 v1.1m fixes to LaTeX

("H:\Program Files\MiKTeX 2.9\tex/latex\base\ts1enc.def"
File: ts1enc.def 2001/06/05 v3.0e (jk/car/fm) Standard LaTeX file
))
(H:\github\2014AutonomouseRobots\svjour3.cls
Document Class: svjour3 2007/05/08 v3.2 
LaTeX document class for Springer journals
("H:\Program Files\MiKTeX 2.9\tex/latex\base\fleqn.clo"
File: fleqn.clo 1998/08/17 v1.1c Standard LaTeX option (flush left equations)
\mathindent=\dimen102
)
Class Springer-SVJour3 Info: extra/valid Springer sub-package (-> *.clo) 
(Springer-SVJour3)           not found in option list of \documentclass
(Springer-SVJour3)           - autoactivating "global" style.

(H:\github\2014AutonomouseRobots\svglov3.clo
File: svglov3.clo 2009/12/18 v3.2 style option for standardised journals

SVJour Class option: svglov3.clo for standardised journals
)
LaTeX Font Info:    Redeclaring math symbol \Gamma on input line 147.
LaTeX Font Info:    Redeclaring math symbol \Delta on input line 148.
LaTeX Font Info:    Redeclaring math symbol \Theta on input line 149.
LaTeX Font Info:    Redeclaring math symbol \Lambda on input line 150.
LaTeX Font Info:    Redeclaring math symbol \Xi on input line 151.
LaTeX Font Info:    Redeclaring math symbol \Pi on input line 152.
LaTeX Font Info:    Redeclaring math symbol \Sigma on input line 153.
LaTeX Font Info:    Redeclaring math symbol \Upsilon on input line 154.
LaTeX Font Info:    Redeclaring math symbol \Phi on input line 155.
LaTeX Font Info:    Redeclaring math symbol \Psi on input line 156.
LaTeX Font Info:    Redeclaring math symbol \Omega on input line 157.
\logodepth=\dimen103
\headerboxheight=\dimen104
\betweenumberspace=\dimen105
\aftertext=\dimen106
\headlineindent=\dimen107
\c@inst=\count79
\c@auth=\count80
\instindent=\dimen108
\authrun=\box26
\authorrunning=\toks14
\titrun=\box27
\titlerunning=\toks15
\combirun=\box28
\c@lastpage=\count81
\rubricwidth=\dimen109
\c@section=\count82
\c@subsection=\count83
\c@subsubsection=\count84
\c@paragraph=\count85
\c@subparagraph=\count86
\spthmsep=\dimen110
\c@theorem=\count87
\c@case=\count88
\c@conjecture=\count89
\c@corollary=\count90
\c@definition=\count91
\c@example=\count92
\c@exercise=\count93
\c@lemma=\count94
\c@note=\count95
\c@problem=\count96
\c@property=\count97
\c@proposition=\count98
\c@question=\count99
\c@solution=\count100
\c@remark=\count101
\c@figure=\count102
\c@table=\count103
\abovecaptionskip=\skip41
\belowcaptionskip=\skip42
\figcapgap=\dimen111
\tabcapgap=\dimen112
\figgap=\dimen113
\bibindent=\dimen114
\@tempcntc=\count104
) ("H:\Program Files\MiKTeX 2.9\tex/latex\graphics\graphicx.sty"
Package: graphicx 1999/02/16 v1.0f Enhanced LaTeX Graphics (DPC,SPQR)

("H:\Program Files\MiKTeX 2.9\tex/latex\graphics\keyval.sty"
Package: keyval 1999/03/16 v1.13 key=value parser (DPC)
\KV@toks@=\toks16
)
("H:\Program Files\MiKTeX 2.9\tex/latex\graphics\graphics.sty"
Package: graphics 2009/02/05 v1.0o Standard LaTeX Graphics (DPC,SPQR)

("H:\Program Files\MiKTeX 2.9\tex/latex\graphics\trig.sty"
Package: trig 1999/03/16 v1.09 sin cos tan (DPC)
)
("H:\Program Files\MiKTeX 2.9\tex/latex\00miktex\graphics.cfg"
File: graphics.cfg 2007/01/18 v1.5 graphics configuration of teTeX/TeXLive
)
Package graphics Info: Driver file: pdftex.def on input line 91.

("H:\Program Files\MiKTeX 2.9\tex/latex\pdftex-def\pdftex.def"
File: pdftex.def 2011/05/27 v0.06d Graphics/color for pdfTeX

("H:\Program Files\MiKTeX 2.9\tex/generic\oberdiek\infwarerr.sty"
Package: infwarerr 2010/04/08 v1.3 Providing info/warning/error messages (HO)
)
("H:\Program Files\MiKTeX 2.9\tex/generic\oberdiek\ltxcmds.sty"
Package: ltxcmds 2011/11/09 v1.22 LaTeX kernel commands for general use (HO)
)
\Gread@gobject=\count105
))
\Gin@req@height=\dimen115
\Gin@req@width=\dimen116
)
("H:\Program Files\MiKTeX 2.9\tex/latex\amsfonts\amssymb.sty"
Package: amssymb 2013/01/14 v3.01 AMS font symbols

("H:\Program Files\MiKTeX 2.9\tex/latex\amsfonts\amsfonts.sty"
Package: amsfonts 2013/01/14 v3.01 Basic AMSFonts support
\@emptytoks=\toks17
\symAMSa=\mathgroup4
\symAMSb=\mathgroup5
LaTeX Font Info:    Overwriting math alphabet `\mathfrak' in version `bold'
(Font)                  U/euf/m/n --> U/euf/b/n on input line 106.
))
("H:\Program Files\MiKTeX 2.9\tex/latex\amsmath\amsmath.sty"
Package: amsmath 2013/01/14 v2.14 AMS math features
\@mathmargin=\skip43

For additional information on amsmath, use the `?' option.
("H:\Program Files\MiKTeX 2.9\tex/latex\amsmath\amstext.sty"
Package: amstext 2000/06/29 v2.01

("H:\Program Files\MiKTeX 2.9\tex/latex\amsmath\amsgen.sty"
File: amsgen.sty 1999/11/30 v2.0
\@emptytoks=\toks18
\ex@=\dimen117
))
("H:\Program Files\MiKTeX 2.9\tex/latex\amsmath\amsbsy.sty"
Package: amsbsy 1999/11/29 v1.2d
\pmbraise@=\dimen118
)
("H:\Program Files\MiKTeX 2.9\tex/latex\amsmath\amsopn.sty"
Package: amsopn 1999/12/14 v2.01 operator names
)
\inf@bad=\count106
LaTeX Info: Redefining \frac on input line 210.
\uproot@=\count107
\leftroot@=\count108
LaTeX Info: Redefining \overline on input line 306.
\classnum@=\count109
\DOTSCASE@=\count110
LaTeX Info: Redefining \ldots on input line 378.
LaTeX Info: Redefining \dots on input line 381.
LaTeX Info: Redefining \cdots on input line 466.
\Mathstrutbox@=\box29
\strutbox@=\box30
\big@size=\dimen119
LaTeX Font Info:    Redeclaring font encoding OML on input line 566.
LaTeX Font Info:    Redeclaring font encoding OMS on input line 567.


Package amsmath Warning: Unable to redefine math accent \vec.

\macc@depth=\count111
\c@MaxMatrixCols=\count112
\dotsspace@=\muskip10
\c@parentequation=\count113
\dspbrk@lvl=\count114
\tag@help=\toks19
\row@=\count115
\column@=\count116
\maxfields@=\count117
\andhelp@=\toks20
\eqnshift@=\dimen120
\alignsep@=\dimen121
\tagshift@=\dimen122
\tagwidth@=\dimen123
\totwidth@=\dimen124
\lineht@=\dimen125
\@envbody=\toks21
\multlinegap=\skip44
\multlinetaggap=\skip45
\mathdisplay@stack=\toks22
LaTeX Info: Redefining \[ on input line 2665.
LaTeX Info: Redefining \] on input line 2666.
) ("H:\Program Files\MiKTeX 2.9\tex/latex\tools\verbatim.sty"
Package: verbatim 2003/08/22 v1.5q LaTeX2e package for verbatim enhancements
\every@verbatim=\toks23
\verbatim@line=\toks24
\verbatim@in@stream=\read1
)
(C:\Users\Kuya\AppData\Roaming\MiKTeX\2.9\tex\latex\subfigure\subfigure.sty
Package: subfigure 2002/07/30 v2.1.4 subfigure package
\subfigtopskip=\skip46
\subfigcapskip=\skip47
\subfigcaptopadj=\dimen126
\subfigbottomskip=\skip48
\subfigcapmargin=\dimen127
\subfiglabelskip=\skip49
\c@subfigure=\count118
\c@lofdepth=\count119
\c@subtable=\count120
\c@lotdepth=\count121

****************************************
* Local config file subfigure.cfg used *
****************************************
(C:\Users\Kuya\AppData\Roaming\MiKTeX\2.9\tex\latex\subfigure\subfigure.cfg)
\subfig@top=\skip50
\subfig@bottom=\skip51
)
("H:\Program Files\MiKTeX 2.9\tex/latex\graphics\epsfig.sty"
Package: epsfig 1999/02/16 v1.7a (e)psfig emulation (SPQR)
\epsfxsize=\dimen128
\epsfysize=\dimen129
)
(C:\Users\Kuya\AppData\Roaming\MiKTeX\2.9\tex\latex\rotating\rotating.sty
Package: rotating 2009/03/28 v2.16a rotated objects in LaTeX

("H:\Program Files\MiKTeX 2.9\tex/latex\base\ifthen.sty"
Package: ifthen 2001/05/26 v1.1c Standard LaTeX ifthen package (DPC)
)
\c@r@tfl@t=\count122
\rotFPtop=\skip52
\rotFPbot=\skip53
\rot@float@box=\box31
\rot@mess@toks=\toks25
)
(C:\Users\Kuya\AppData\Roaming\MiKTeX\2.9\tex\latex\sttools\flushend.sty
Package: flushend 2014/04/24 v2.2 Balancing columns in twocolumn mode
\flushend@@lastskip@a=\skip54
\flushend@@lastskip@b=\skip55
\flushend@@lastskip@c=\skip56
\flushend@@penalty@a=\count123
\flushend@@lastkern@a=\dimen130
\var@@temp@spread=\dimen131
\var@@temp@a=\dimen132
\flushend@@page@rule=\dimen133
\flushend@@varbox@a=\box32
\flushend@@varbox@c=\box33
\flushend@@tempbox@a=\box34
\flushend@@tempbox@c=\box35
\@viper=\box36
\hold@viper=\box37
\atColsBreak=\toks26
\atColsEnd=\toks27

(C:\Users\Kuya\AppData\Roaming\MiKTeX\2.9\tex\latex\etoolbox\etoolbox.sty
Package: etoolbox 2011/01/03 v2.1 e-TeX tools for LaTeX

("H:\Program Files\MiKTeX 2.9\tex/latex\misc\etex.sty"
Package: etex 1998/03/26 v2.0 eTeX basic definition package (PEB)
\et@xins=\count124
)
\etb@tempcnta=\count125
))
(C:\Users\Kuya\AppData\Roaming\MiKTeX\2.9\tex\latex\nomencl\nomencl.sty
Package: nomencl 2005/09/22 v4.2 Nomenclature package (LN)
\nomlabelwidth=\dimen134
\nom@tempdim=\dimen135
\nomitemsep=\skip57
)
\@nomenclaturefile=\write3

Writing nomenclature file Takami_Furukawa_etal_AutonomousRobots2014.nlo
(C:\Users\Kuya\AppData\Roaming\MiKTeX\2.9\tex\latex\xcolor\xcolor.sty
Package: xcolor 2007/01/21 v2.11 LaTeX color extensions (UK)

("H:\Program Files\MiKTeX 2.9\tex/latex\00miktex\color.cfg"
File: color.cfg 2007/01/18 v1.5 color configuration of teTeX/TeXLive
)
Package xcolor Info: Package option `usenames' ignored on input line 216.
Package xcolor Info: Driver file: pdftex.def on input line 225.

(C:\Users\Kuya\AppData\Roaming\MiKTeX\2.9\tex\latex\colortbl\colortbl.sty
Package: colortbl 2012/02/13 v1.0a Color table columns (DPC)

("H:\Program Files\MiKTeX 2.9\tex/latex\tools\array.sty"
Package: array 2008/09/09 v2.4c Tabular extension package (FMi)
\col@sep=\dimen136
\extrarowheight=\dimen137
\NC@list=\toks28
\extratabsurround=\skip58
\backup@length=\skip59
)
\everycr=\toks29
\minrowclearance=\skip60
)
\rownum=\count126
Package xcolor Info: Model `cmy' substituted by `cmy0' on input line 1337.
Package xcolor Info: Model `hsb' substituted by `rgb' on input line 1341.
Package xcolor Info: Model `RGB' extended on input line 1353.
Package xcolor Info: Model `HTML' substituted by `rgb' on input line 1355.
Package xcolor Info: Model `Hsb' substituted by `hsb' on input line 1356.
Package xcolor Info: Model `tHsb' substituted by `hsb' on input line 1357.
Package xcolor Info: Model `HSB' substituted by `hsb' on input line 1358.
Package xcolor Info: Model `Gray' substituted by `gray' on input line 1359.
Package xcolor Info: Model `wave' substituted by `hsb' on input line 1360.

("H:\Program Files\MiKTeX 2.9\tex/latex\graphics\dvipsnam.def"
File: dvipsnam.def 1999/02/16 v3.0i Driver-dependant file (DPC,SPQR)
)
(C:\Users\Kuya\AppData\Roaming\MiKTeX\2.9\tex\latex\xcolor\svgnam.def
File: svgnam.def 2007/01/21 v2.11 Predefined colors according to SVG 1.1 (UK)
))
("H:\Program Files\MiKTeX 2.9\tex/latex\hyperref\hyperref.sty"
Package: hyperref 2012/11/06 v6.83m Hypertext links for LaTeX

("H:\Program Files\MiKTeX 2.9\tex/generic\oberdiek\hobsub-hyperref.sty"
Package: hobsub-hyperref 2012/04/25 v1.12 Bundle oberdiek, subset hyperref (HO)


("H:\Program Files\MiKTeX 2.9\tex/generic\oberdiek\hobsub-generic.sty"
Package: hobsub-generic 2012/04/25 v1.12 Bundle oberdiek, subset generic (HO)
Package: hobsub 2012/04/25 v1.12 Construct package bundles (HO)
Package hobsub Info: Skipping package `infwarerr' (already loaded).
Package hobsub Info: Skipping package `ltxcmds' (already loaded).
Package: ifluatex 2010/03/01 v1.3 Provides the ifluatex switch (HO)
Package ifluatex Info: LuaTeX not detected.
Package: ifvtex 2010/03/01 v1.5 Detect VTeX and its facilities (HO)
Package ifvtex Info: VTeX not detected.
Package: intcalc 2007/09/27 v1.1 Expandable calculations with integers (HO)
Package: ifpdf 2011/01/30 v2.3 Provides the ifpdf switch (HO)
Package ifpdf Info: pdfTeX in PDF mode is detected.
Package: etexcmds 2011/02/16 v1.5 Avoid name clashes with e-TeX commands (HO)
Package etexcmds Info: Could not find \expanded.
(etexcmds)             That can mean that you are not using pdfTeX 1.50 or
(etexcmds)             that some package has redefined \expanded.
(etexcmds)             In the latter case, load this package earlier.
Package: kvsetkeys 2012/04/25 v1.16 Key value parser (HO)
Package: kvdefinekeys 2011/04/07 v1.3 Define keys (HO)
Package: pdftexcmds 2011/11/29 v0.20 Utility functions of pdfTeX for LuaTeX (HO
)
Package pdftexcmds Info: LuaTeX not detected.
Package pdftexcmds Info: \pdf@primitive is available.
Package pdftexcmds Info: \pdf@ifprimitive is available.
Package pdftexcmds Info: \pdfdraftmode found.
Package: pdfescape 2011/11/25 v1.13 Implements pdfTeX's escape features (HO)
Package: bigintcalc 2012/04/08 v1.3 Expandable calculations on big integers (HO
)
Package: bitset 2011/01/30 v1.1 Handle bit-vector datatype (HO)
Package: uniquecounter 2011/01/30 v1.2 Provide unlimited unique counter (HO)
)
Package hobsub Info: Skipping package `hobsub' (already loaded).
Package: letltxmacro 2010/09/02 v1.4 Let assignment for LaTeX macros (HO)
Package: hopatch 2011/06/24 v1.1 Wrapper for package hooks (HO)
Package: xcolor-patch 2011/01/30 xcolor patch
Package: atveryend 2011/06/30 v1.8 Hooks at the very end of document (HO)
Package: atbegshi 2011/10/05 v1.16 At begin shipout hook (HO)
Package: refcount 2011/10/16 v3.4 Data extraction from label references (HO)
Package: hycolor 2011/01/30 v1.7 Color options for hyperref/bookmark (HO)
)
("H:\Program Files\MiKTeX 2.9\tex/generic\ifxetex\ifxetex.sty"
Package: ifxetex 2010/09/12 v0.6 Provides ifxetex conditional
)
("H:\Program Files\MiKTeX 2.9\tex/latex\oberdiek\auxhook.sty"
Package: auxhook 2011/03/04 v1.3 Hooks for auxiliary files (HO)
)
("H:\Program Files\MiKTeX 2.9\tex/latex\oberdiek\kvoptions.sty"
Package: kvoptions 2011/06/30 v3.11 Key value format for package options (HO)
)
\@linkdim=\dimen138
\Hy@linkcounter=\count127
\Hy@pagecounter=\count128

("H:\Program Files\MiKTeX 2.9\tex/latex\hyperref\pd1enc.def"
File: pd1enc.def 2012/11/06 v6.83m Hyperref: PDFDocEncoding definition (HO)
)
\Hy@SavedSpaceFactor=\count129

("H:\Program Files\MiKTeX 2.9\tex/latex\00miktex\hyperref.cfg"
File: hyperref.cfg 2002/06/06 v1.2 hyperref configuration of TeXLive
)
Package hyperref Info: Option `breaklinks' set `true' on input line 4319.
Package hyperref Info: Option `colorlinks' set `true' on input line 4319.
Package hyperref Info: Option `bookmarks' set `false' on input line 4319.
Package hyperref Info: Hyper figures OFF on input line 4443.
Package hyperref Info: Link nesting OFF on input line 4448.
Package hyperref Info: Hyper index ON on input line 4451.
Package hyperref Info: Plain pages OFF on input line 4458.
Package hyperref Info: Backreferencing ON on input line 4461.
Package hyperref Info: Implicit mode ON; LaTeX internals redefined.
Package hyperref Info: Bookmarks OFF on input line 4694.

("H:\Program Files\MiKTeX 2.9\tex/latex\hyperref\backref.sty"
Package: backref 2012/07/25 v1.38 Bibliographical back referencing

("H:\Program Files\MiKTeX 2.9\tex/latex\oberdiek\rerunfilecheck.sty"
Package: rerunfilecheck 2011/04/15 v1.7 Rerun checks for auxiliary files (HO)
Package uniquecounter Info: New unique counter `rerunfilecheck' on input line 2
82.
))
\c@Hy@tempcnt=\count130

("H:\Program Files\MiKTeX 2.9\tex/latex\ltxmisc\url.sty"
\Urlmuskip=\muskip11
Package: url 2006/04/12  ver 3.3  Verb mode for urls, etc.
)
LaTeX Info: Redefining \url on input line 5041.
\XeTeXLinkMargin=\dimen139
\Fld@menulength=\count131
\Field@Width=\dimen140
\Fld@charsize=\dimen141
Package hyperref Info: Hyper figures OFF on input line 6295.
Package hyperref Info: Link nesting OFF on input line 6300.
Package hyperref Info: Hyper index ON on input line 6303.
Package hyperref Info: backreferencing ON on input line 6308.
Package hyperref Info: Link coloring ON on input line 6313.
Package hyperref Info: Link coloring with OCG OFF on input line 6320.
Package hyperref Info: PDF/A mode OFF on input line 6325.
LaTeX Info: Redefining \ref on input line 6365.
LaTeX Info: Redefining \pageref on input line 6369.
\Hy@abspage=\count132
\c@Item=\count133
\c@Hfootnote=\count134
)

Package hyperref Message: Driver (autodetected): hpdftex.

("H:\Program Files\MiKTeX 2.9\tex/latex\hyperref\hpdftex.def"
File: hpdftex.def 2012/11/06 v6.83m Hyperref driver for pdfTeX
\Fld@listcount=\count135
\c@bookmark@seq@number=\count136
\Hy@SectionHShift=\skip61
)
(H:\github\2014AutonomouseRobots\Takami_Furukawa_etal_AutonomousRobots2014.aux)
LaTeX Font Info:    Checking defaults for OML/cmm/m/it on input line 306.
LaTeX Font Info:    ... okay on input line 306.
LaTeX Font Info:    Checking defaults for T1/cmr/m/n on input line 306.
LaTeX Font Info:    ... okay on input line 306.
LaTeX Font Info:    Checking defaults for OT1/cmr/m/n on input line 306.
LaTeX Font Info:    ... okay on input line 306.
LaTeX Font Info:    Checking defaults for OMS/cmsy/m/n on input line 306.
LaTeX Font Info:    ... okay on input line 306.
LaTeX Font Info:    Checking defaults for OMX/cmex/m/n on input line 306.
LaTeX Font Info:    ... okay on input line 306.
LaTeX Font Info:    Checking defaults for U/cmr/m/n on input line 306.
LaTeX Font Info:    ... okay on input line 306.
LaTeX Font Info:    Checking defaults for TS1/cmr/m/n on input line 306.
LaTeX Font Info:    ... okay on input line 306.
LaTeX Font Info:    Checking defaults for PD1/pdf/m/n on input line 306.
LaTeX Font Info:    ... okay on input line 306.
Unknown journal: specify \journalname{<name of your journal>} in preambel

(C:\Users\Kuya\AppData\Roaming\MiKTeX\2.9\tex\context\base\supp-pdf.mkii
[Loading MPS to PDF converter (version 2006.09.02).]
\scratchcounter=\count137
\scratchdimen=\dimen142
\scratchbox=\box38
\nofMPsegments=\count138
\nofMParguments=\count139
\everyMPshowfont=\toks30
\MPscratchCnt=\count140
\MPscratchDim=\dimen143
\MPnumerator=\count141
\makeMPintoPDFobject=\count142
\everyMPtoPDFconversion=\toks31
)
\AtBeginShipoutBox=\box39
Package hyperref Info: Link coloring ON on input line 306.
 ("H:\Program Files\MiKTeX 2.9\tex/latex\hyperref\nameref.sty"
Package: nameref 2012/10/27 v2.43 Cross-referencing by name of section

("H:\Program Files\MiKTeX 2.9\tex/generic\oberdiek\gettitlestring.sty"
Package: gettitlestring 2010/12/03 v1.4 Cleanup title references (HO)
)
\c@section@level=\count143
)
LaTeX Info: Redefining \ref on input line 306.
LaTeX Info: Redefining \pageref on input line 306.
LaTeX Info: Redefining \nameref on input line 306.

SVJour3 warning: Missing \journalname
LaTeX Font Info:    Try loading font information for U+msa on input line 349.
("H:\Program Files\MiKTeX 2.9\tex/latex\amsfonts\umsa.fd"
File: umsa.fd 2013/01/14 v3.01 AMS symbols A
)
LaTeX Font Info:    Try loading font information for U+msb on input line 349.

("H:\Program Files\MiKTeX 2.9\tex/latex\amsfonts\umsb.fd"
File: umsb.fd 2013/01/14 v3.01 AMS symbols B
)
LaTeX Font Info:    Calculating math sizes for size <8.5> on input line 349.
LaTeX Font Info:    Try loading font information for OMS+cmr on input line 349.


("H:\Program Files\MiKTeX 2.9\tex/latex\base\omscmr.fd"
File: omscmr.fd 1999/05/25 v2.5h Standard LaTeX font definitions
)
LaTeX Font Info:    Font shape `OMS/cmr/m/n' in size <8.5> not available
(Font)              Font shape `OMS/cmsy/m/n' tried instead on input line 349.

Underfull \hbox (badness 2837) in paragraph at lines 349--349
\OT1/cmr/m/n/8.5 Department of Me-chan-i-cal En-gi-neer-ing, Vir-ginia Tech,
 []


Overfull \hbox (1.9817pt too wide) in paragraph at lines 351--352
[]\OT1/cmr/m/n/10 This pa-per presents a non-vis-i-ble field-of-view
 []


Overfull \hbox (12.47957pt too wide) in paragraph at lines 351--352
\OT1/cmr/m/n/10 cu-rately lo-cal-ize a tar-get in its field-of-view (FOV) where
as
 []


Underfull \vbox (badness 1895) has occurred while \output is active []


Overfull \hbox (0.31403pt too wide) in paragraph at lines 366--367
\OT1/cmr/m/n/10 tar-get by pro-cess-ing in-for-ma-tion of re-ceived sig-nals su
ch
 []

[1{C:/Users/Kuya/AppData/Local/MiKTeX/2.9/pdftex/config/pdftex.map}


]
Overfull \hbox (4.45294pt too wide) in paragraph at lines 368--369
\OT1/cmr/m/n/10 be-fore-hand. Re-cently, [[]][] and [[]][] in-ves-ti-gated the 
NFOV
 []


Overfull \hbox (5.06413pt too wide) in paragraph at lines 368--369
\OT1/cmr/m/n/10 tar-get lo-cal-iza-tion iden-ti-fy-ing re-flec-tion of sound. N
arang
 []


Underfull \vbox (badness 10000) has occurred while \output is active []


Underfull \vbox (badness 10000) has occurred while \output is active []

 [2]
Underfull \hbox (badness 6063) in paragraph at lines 407--408
[]\OT1/cmr/m/n/10 In the pre-dic-tion pro-cess, the tar-get be-lief
 []


Overfull \hbox (4.90082pt too wide) in paragraph at lines 407--408
\OT1/cmr/m/n/10 time step $[]$ by Chapman-Kolmogorov
 []


Underfull \hbox (badness 10000) in paragraph at lines 411--414
\OT1/cmr/m/n/10 ser-va-tions. The tar-get be-lief
 []


Overfull \hbox (4.37288pt too wide) in paragraph at lines 411--414
$[]$ \OT1/cmr/m/n/10 is cor-rected from the cor-re-spond-ing state
 []


Overfull \hbox (2.9251pt too wide) in paragraph at lines 439--441
\OT1/cmr/m/n/10 where, de-pend-ing on whether there ex-ists a tar-get within
 []

[3pdfTeX warning (ext4): destination with the same identifier (name{equation.2.
2}) has been already used, duplicate ignored

\AtBegShi@Output ...ipout \box \AtBeginShipoutBox 
                                                  \fi \fi 
l.443 
      pdfTeX warning (ext4): destination with the same identifier (name{equatio
n.2.6}) has been already used, duplicate ignored

\AtBegShi@Output ...ipout \box \AtBeginShipoutBox 
                                                  \fi \fi 
l.443 
      ] <optical.png, id=154, 521.7894pt x 456.2646pt>
File: optical.png Graphic file (type png)
 <use optical.png>
Package pdftex.def Info: optical.png used on input line 446.
(pdftex.def)             Requested size: 238.96417pt x 208.95831pt.

Overfull \hbox (13.50848pt too wide) in paragraph at lines 474--475
\OT1/cmr/m/n/10 al-lows be-lief up-date and main-te-nance re-gard-less of wheth
er
 []

<FOV.png, id=159, 381.5856pt x 299.1978pt>
File: FOV.png Graphic file (type png)
 <use FOV.png>
Package pdftex.def Info: FOV.png used on input line 478.
(pdftex.def)             Requested size: 143.37996pt x 112.42259pt.
 [4 <H:/github/2014AutonomouseRobots/optical.png> <H:/github/2014AutonomouseRob
ots/FOV.png>]
<acoustic.png, id=179, 509.7444pt x 420.6114pt>
File: acoustic.png Graphic file (type png)
 <use acoustic.png>
Package pdftex.def Info: acoustic.png used on input line 506.
(pdftex.def)             Requested size: 227.62204pt x 187.8229pt.

Underfull \hbox (badness 6641) in paragraph at lines 514--515
$\OML/cmm/m/it/10 l[] []$ \OT1/cmr/m/n/10 and that of the acous-tic sen-sor
 []

<joint.png, id=181, 365.6862pt x 322.3242pt>
File: joint.png Graphic file (type png)
 <use joint.png>
Package pdftex.def Info: joint.png used on input line 525.
(pdftex.def)             Requested size: 191.17206pt x 168.50958pt.

<posterior.png, id=185, 364.7226pt x 321.3606pt>
File: posterior.png Graphic file (type png)
 <use posterior.png>
Package pdftex.def Info: posterior.png used on input line 535.
(pdftex.def)             Requested size: 191.17206pt x 168.44223pt.

Overfull \hbox (1.53622pt too wide) in paragraph at lines 544--545
\OT1/cmr/m/n/10 The tech-nique pro-posed in this pa-per to model an acous-
 []

[5 <H:/github/2014AutonomouseRobots/acoustic.png> <H:/github/2014AutonomouseRob
ots/joint.png>] <likelihood.png, id=207, 568.524pt x 367.6134pt>
File: likelihood.png Graphic file (type png)

<use likelihood.png>
Package pdftex.def Info: likelihood.png used on input line 549.
(pdftex.def)             Requested size: 227.62204pt x 147.18298pt.

Overfull \hbox (1.00082pt too wide) in paragraph at lines 554--555
\OT1/cmr/m/n/10 served by the left and right mi-cro-phones, be $\OML/cmm/m/it/1
0 s[] []$
 []


Overfull \hbox (2.77892pt too wide) in paragraph at lines 557--559
\OT1/cmr/m/n/10 If the ILD is sam-pled at $\OML/cmm/m/it/10 N$ \OT1/cmr/m/n/10 
fre-quen-cies $\OT1/cmr/bx/n/8.5 
 \OT1/cmr/m/n/8.5 = [][]$\OT1/cmr/m/n/10 ,
 []


Underfull \vbox (badness 10000) has occurred while \output is active []

 [6 <H:/github/2014AutonomouseRobots/posterior.png> <H:/github/2014AutonomouseR
obots/likelihood.png>]
Overfull \hbox (28.25853pt too wide) in paragraph at lines 588--589
\OT1/cmr/m/n/10 men-tal sys-tem with a speaker ar-ray and a mov-able/replaceabl
e
 []


Underfull \hbox (badness 10000) in paragraph at lines 596--597
\OT1/cmr/m/n/10 tem
 []

<experiment_schematics3.png, id=230, 423.38174pt x 412.54124pt>
File: experiment_schematics3.png Graphic file (type png)

<use experiment_schematics3.png>
Package pdftex.def Info: experiment_schematics3.png used on input line 604.
(pdftex.def)             Requested size: 109.92511pt x 107.10712pt.

<experiment_photo.jpg, id=231, 1001.7425pt x 1003.75pt>
File: experiment_photo.jpg Graphic file (type jpg)

<use experiment_photo.jpg>
Package pdftex.def Info: experiment_photo.jpg used on input line 608.
(pdftex.def)             Requested size: 109.92511pt x 110.13715pt.

Overfull \hbox (3.56952pt too wide) in paragraph at lines 616--628
 [][] 
 []

<step006.png, id=233, 578.16pt x 433.62pt>
File: step006.png Graphic file (type png)
 <use step006.png>
Package pdftex.def Info: step006.png used on input line 637.
(pdftex.def)             Requested size: 107.53314pt x 80.64851pt.

<step022.png, id=234, 578.16pt x 433.62pt>
File: step022.png Graphic file (type png)
 <use step022.png>
Package pdftex.def Info: step022.png used on input line 641.
(pdftex.def)             Requested size: 107.53314pt x 80.64851pt.

<step033.png, id=235, 578.16pt x 433.62pt>
File: step033.png Graphic file (type png)
 <use step033.png>
Package pdftex.def Info: step033.png used on input line 645.
(pdftex.def)             Requested size: 107.53314pt x 80.64851pt.

<step050.png, id=236, 578.16pt x 433.62pt>
File: step050.png Graphic file (type png)
 <use step050.png>
Package pdftex.def Info: step050.png used on input line 649.
(pdftex.def)             Requested size: 107.53314pt x 80.64851pt.
 [7 <H:/github/2014AutonomouseRobots/experiment_schematics3.png> <H:/github/201
4AutonomouseRobots/experiment_photo.jpg>] <w1_Lw70_Ld0_step023.png, id=263, 578
.16pt x 433.62pt>
File: w1_Lw70_Ld0_step023.png Graphic file (type png)

<use w1_Lw70_Ld0_step023.png>
Package pdftex.def Info: w1_Lw70_Ld0_step023.png used on input line 661.
(pdftex.def)             Requested size: 111.83578pt x 103.3985pt.

<w1_Lw70_Ld30_step023.png, id=265, 578.16pt x 433.62pt>
File: w1_Lw70_Ld30_step023.png Graphic file (type png)

<use w1_Lw70_Ld30_step023.png>
Package pdftex.def Info: w1_Lw70_Ld30_step023.png used on input line 665.
(pdftex.def)             Requested size: 111.83578pt x 103.3985pt.

<w2_Lw50_Ld20_step033.png, id=267, 578.16pt x 433.62pt>
File: w2_Lw50_Ld20_step033.png Graphic file (type png)

<use w2_Lw50_Ld20_step033.png>
Package pdftex.def Info: w2_Lw50_Ld20_step033.png used on input line 669.
(pdftex.def)             Requested size: 111.83578pt x 103.3985pt.

<w2_Lw70_Ld20_step033.png, id=269, 578.16pt x 433.62pt>
File: w2_Lw70_Ld20_step033.png Graphic file (type png)

<use w2_Lw70_Ld20_step033.png>
Package pdftex.def Info: w2_Lw70_Ld20_step033.png used on input line 673.
(pdftex.def)             Requested size: 111.83578pt x 103.3985pt.
 <w1_error.PNG, id=274, 578.16pt x 433.62pt>
File: w1_error.PNG Graphic file (type png)

<use w1_error.PNG>
Package pdftex.def Info: w1_error.PNG used on input line 685.
(pdftex.def)             Requested size: 111.83578pt x 83.87074pt.
 <w2_error.PNG, id=275, 578.16pt x 433.62pt>
File: w2_error.PNG Graphic file (type png)

<use w2_error.PNG>
Package pdftex.def Info: w2_error.PNG used on input line 689.
(pdftex.def)             Requested size: 111.83578pt x 83.87074pt.
 <H_1w2w.PNG, id=276, 578.16pt x 433.62pt>
File: H_1w2w.PNG Graphic file (type png)
 <use H_1w2w.PNG>
Package pdftex.def Info: H_1w2w.PNG used on input line 693.
(pdftex.def)             Requested size: 111.83578pt x 83.87074pt.

[8 <H:/github/2014AutonomouseRobots/w1_Lw70_Ld0_step023.png (PNG copy)> <H:/git
hub/2014AutonomouseRobots/w1_Lw70_Ld30_step023.png (PNG copy)> <H:/github/2014A
utonomouseRobots/w2_Lw50_Ld20_step033.png (PNG copy)> <H:/github/2014Autonomous
eRobots/w2_Lw70_Ld20_step033.png (PNG copy)> <H:/github/2014AutonomouseRobots/s
tep006.png (PNG copy)> <H:/github/2014AutonomouseRobots/step022.png (PNG copy)>
 <H:/github/2014AutonomouseRobots/step033.png (PNG copy)> <H:/github/2014Autono
mouseRobots/step050.png (PNG copy)>]
<map.png, id=302, 302.0886pt x 372.4314pt>
File: map.png Graphic file (type png)
 <use map.png>
Package pdftex.def Info: map.png used on input line 705.
(pdftex.def)             Requested size: 191.17206pt x 235.69002pt.

<system.png, id=303, 378.213pt x 283.7802pt>
File: system.png Graphic file (type png)
 <use system.png>
Package pdftex.def Info: system.png used on input line 712.
(pdftex.def)             Requested size: 191.17206pt x 143.43993pt.

<AOL_Figure1.png, id=305, 578.16pt x 433.62pt>
File: AOL_Figure1.png Graphic file (type png)
 <use AOL_Figure1.png>
Package pdftex.def Info: AOL_Figure1.png used on input line 743.
(pdftex.def)             Requested size: 109.92511pt x 96.71999pt.

<AOL_Figure2.png, id=307, 578.16pt x 433.62pt>
File: AOL_Figure2.png Graphic file (type png)
 <use AOL_Figure2.png>
Package pdftex.def Info: AOL_Figure2.png used on input line 747.
(pdftex.def)             Requested size: 109.92511pt x 96.71999pt.

<AOL_Figure3.png, id=309, 578.16pt x 433.62pt>
File: AOL_Figure3.png Graphic file (type png)
 <use AOL_Figure3.png>
Package pdftex.def Info: AOL_Figure3.png used on input line 751.
(pdftex.def)             Requested size: 109.92511pt x 96.71999pt.

<AOL_Figure4.png, id=311, 578.16pt x 433.62pt>
File: AOL_Figure4.png Graphic file (type png)
 <use AOL_Figure4.png>
Package pdftex.def Info: AOL_Figure4.png used on input line 755.
(pdftex.def)             Requested size: 109.92511pt x 96.71999pt.
 [9 <H:/github/2014AutonomouseRobots/w1_error.PNG (PNG copy)> <H:/github/2014Au
tonomouseRobots/w2_error.PNG (PNG copy)> <H:/github/2014AutonomouseRobots/H_1w2
w.PNG (PNG copy)> <H:/github/2014AutonomouseRobots/map.png> <H:/github/2014Auto
nomouseRobots/system.png>] <OOL_Figure1.png, id=327, 578.16pt x 433.62pt>
File: OOL_Figure1.png Graphic file (type png)

<use OOL_Figure1.png>
Package pdftex.def Info: OOL_Figure1.png used on input line 767.
(pdftex.def)             Requested size: 109.92511pt x 96.71999pt.
 <OOL_Figure2.png, id=329, 578.16pt x 433.62pt>
File: OOL_Figure2.png Graphic file (type png)

<use OOL_Figure2.png>
Package pdftex.def Info: OOL_Figure2.png used on input line 771.
(pdftex.def)             Requested size: 109.92511pt x 96.71999pt.
 <OOL_Figure3.png, id=331, 578.16pt x 433.62pt>
File: OOL_Figure3.png Graphic file (type png)

<use OOL_Figure3.png>
Package pdftex.def Info: OOL_Figure3.png used on input line 775.
(pdftex.def)             Requested size: 109.92511pt x 96.71999pt.
 <OOL_Figure4.png, id=333, 578.16pt x 433.62pt>
File: OOL_Figure4.png Graphic file (type png)

<use OOL_Figure4.png>
Package pdftex.def Info: OOL_Figure4.png used on input line 779.
(pdftex.def)             Requested size: 109.92511pt x 96.71999pt.
 <JOAO_Figure1.png, id=335, 578.16pt x 433.62pt>
File: JOAO_Figure1.png Graphic file (type png)

<use JOAO_Figure1.png>
Package pdftex.def Info: JOAO_Figure1.png used on input line 789.
(pdftex.def)             Requested size: 109.92511pt x 96.71999pt.
 <JOAO_Figure2.png, id=337, 578.16pt x 433.62pt>
File: JOAO_Figure2.png Graphic file (type png)

<use JOAO_Figure2.png>
Package pdftex.def Info: JOAO_Figure2.png used on input line 793.
(pdftex.def)             Requested size: 109.92511pt x 96.71999pt.
 <JOAO_Figure3.png, id=339, 578.16pt x 433.62pt>
File: JOAO_Figure3.png Graphic file (type png)

<use JOAO_Figure3.png>
Package pdftex.def Info: JOAO_Figure3.png used on input line 797.
(pdftex.def)             Requested size: 109.92511pt x 96.71999pt.
 <JOAO_Figure4.png, id=341, 578.16pt x 433.62pt>
File: JOAO_Figure4.png Graphic file (type png)

<use JOAO_Figure4.png>
Package pdftex.def Info: JOAO_Figure4.png used on input line 801.
(pdftex.def)             Requested size: 109.92511pt x 96.71999pt.
 <POA_Figure1.png, id=344, 578.16pt x 433.62pt>
File: POA_Figure1.png Graphic file (type png)

<use POA_Figure1.png>
Package pdftex.def Info: POA_Figure1.png used on input line 819.
(pdftex.def)             Requested size: 109.92511pt x 96.71999pt.
 <POA_Figure7.png, id=346, 578.16pt x 433.62pt>
File: POA_Figure7.png Graphic file (type png)

<use POA_Figure7.png>
Package pdftex.def Info: POA_Figure7.png used on input line 823.
(pdftex.def)             Requested size: 109.92511pt x 96.71999pt.
 <POA_Figure35.png, id=348, 578.16pt x 433.62pt>
File: POA_Figure35.png Graphic file (type png)

<use POA_Figure35.png>
Package pdftex.def Info: POA_Figure35.png used on input line 827.
(pdftex.def)             Requested size: 109.92511pt x 96.71999pt.
 <POA_Figure51.png, id=350, 578.16pt x 433.62pt>
File: POA_Figure51.png Graphic file (type png)

<use POA_Figure51.png>
Package pdftex.def Info: POA_Figure51.png used on input line 831.
(pdftex.def)             Requested size: 109.92511pt x 96.71999pt.
 [10 <H:/github/2014AutonomouseRobots/AOL_Figure1.png (PNG copy)> <H:/github/20
14AutonomouseRobots/AOL_Figure2.png (PNG copy)> <H:/github/2014AutonomouseRobot
s/AOL_Figure3.png (PNG copy)> <H:/github/2014AutonomouseRobots/AOL_Figure4.png 
(PNG copy)> <H:/github/2014AutonomouseRobots/OOL_Figure1.png (PNG copy)> <H:/gi
thub/2014AutonomouseRobots/OOL_Figure2.png (PNG copy)> <H:/github/2014Autonomou
seRobots/OOL_Figure3.png (PNG copy)> <H:/github/2014AutonomouseRobots/OOL_Figur
e4.png (PNG copy)> <H:/github/2014AutonomouseRobots/JOAO_Figure1.png (PNG copy)
> <H:/github/2014AutonomouseRobots/JOAO_Figure2.png (PNG copy)> <H:/github/2014
AutonomouseRobots/JOAO_Figure3.png (PNG copy)> <H:/github/2014AutonomouseRobots
/JOAO_Figure4.png (PNG copy)>]
<COT_Figure1.png, id=388, 578.16pt x 433.62pt>
File: COT_Figure1.png Graphic file (type png)
 <use COT_Figure1.png>
Package pdftex.def Info: COT_Figure1.png used on input line 843.
(pdftex.def)             Requested size: 109.92511pt x 96.71999pt.

<COT_Figure7.png, id=390, 578.16pt x 433.62pt>
File: COT_Figure7.png Graphic file (type png)
 <use COT_Figure7.png>
Package pdftex.def Info: COT_Figure7.png used on input line 847.
(pdftex.def)             Requested size: 109.92511pt x 96.71999pt.

<COT_Figure35.png, id=392, 578.16pt x 433.62pt>
File: COT_Figure35.png Graphic file (type png)
 <use COT_Figure35.png>
Package pdftex.def Info: COT_Figure35.png used on input line 851.
(pdftex.def)             Requested size: 109.92511pt x 96.71999pt.

<COT_Figure51.png, id=394, 578.16pt x 433.62pt>
File: COT_Figure51.png Graphic file (type png)
 <use COT_Figure51.png>
Package pdftex.def Info: COT_Figure51.png used on input line 855.
(pdftex.def)             Requested size: 109.92511pt x 96.71999pt.

<proposed_Error.png, id=396, 578.16pt x 433.62pt>
File: proposed_Error.png Graphic file (type png)
 <use proposed_Error.png>
Package pdftex.def Info: proposed_Error.png used on input line 865.
(pdftex.def)             Requested size: 109.92511pt x 89.01176pt.

<proposed_KLD.png, id=398, 578.16pt x 433.62pt>
File: proposed_KLD.png Graphic file (type png)
 <use proposed_KLD.png>
Package pdftex.def Info: proposed_KLD.png used on input line 869.
(pdftex.def)             Requested size: 109.92511pt x 89.01176pt.

Underfull \hbox (badness 1178) in paragraph at lines 869--869
[]\OT1/cmr/m/n/8.5 (b) KL di-ver-gence vs time
 []

(H:\github\2014AutonomouseRobots\Takami_Furukawa_etal_AutonomousRobots2014.bbl
(H:\github\2014AutonomouseRobots\Takami_Furukawa_etal_AutonomousRobots2014.brf)
\tf@brf=\write4
[11 <H:/github/2014AutonomouseRobots/POA_Figure1.png (PNG copy)> <H:/github/201
4AutonomouseRobots/POA_Figure7.png (PNG copy)> <H:/github/2014AutonomouseRobots
/POA_Figure35.png (PNG copy)> <H:/github/2014AutonomouseRobots/POA_Figure51.png
 (PNG copy)> <H:/github/2014AutonomouseRobots/COT_Figure1.png (PNG copy)> <H:/g
ithub/2014AutonomouseRobots/COT_Figure7.png (PNG copy)> <H:/github/2014Autonomo
useRobots/COT_Figure35.png (PNG copy)> <H:/github/2014AutonomouseRobots/COT_Fig
ure51.png (PNG copy)> <H:/github/2014AutonomouseRobots/proposed_Error.png (PNG 
copy)> <H:/github/2014AutonomouseRobots/proposed_KLD.png (PNG copy)>]
Underfull \hbox (badness 1616) in paragraph at lines 16--16
\OT1/cmr/m/n/8.5 cassa, F. Zanella, M. Zam-botto, L. Schen-ato, and
 []


Underfull \hbox (badness 2245) in paragraph at lines 149--149
\OT1/cmr/m/n/8.5 Bayesian Control-Theoretic Sen-sor Man-age-ment, II:
 []

[12])
No file Takami_Furukawa_etal_AutonomousRobots2014.nls.
Package atveryend Info: Empty hook `BeforeClearDocument' on input line 1125.
- LAST -
Extra skip:20.05968pt
Left:270.0pt/0.0pt
Right:249.94032pt/0.0pt
Output:270.0pt
[13]
Package atveryend Info: Empty hook `AfterLastShipout' on input line 1125.

(H:\github\2014AutonomouseRobots\Takami_Furukawa_etal_AutonomousRobots2014.aux)
Package atveryend Info: Executing hook `AtVeryEndDocument' on input line 1125.
Package atveryend Info: Executing hook `AtEndAfterFileList' on input line 1125.

Package rerunfilecheck Info: File `Takami_Furukawa_etal_AutonomousRobots2014.br
f' has not changed.
(rerunfilecheck)             Checksum: 9949D2F85A722CE4AFBA21BF87FB5DE9;1041.
 ) 
Here is how much of TeX's memory you used:
 9023 strings out of 493921
 128001 string characters out of 3147285
 237460 words of memory out of 3000000
 12005 multiletter control sequences out of 15000+200000
 14939 words of font info for 56 fonts, out of 3000000 for 9000
 841 hyphenation exceptions out of 8191
 41i,16n,35p,1969b,462s stack positions out of 5000i,500n,10000p,200000b,50000s
<H:/Program Files/MiKTeX 2.9/fonts/type1/public/amsfonts/cm/cmbsy10.pfb><H:/P
rogram Files/MiKTeX 2.9/fonts/type1/public/amsfonts/cm/cmbx10.pfb><H:/Program F
iles/MiKTeX 2.9/fonts/type1/public/amsfonts/cm/cmbx12.pfb><H:/Program Files/MiK
TeX 2.9/fonts/type1/public/amsfonts/cm/cmbx7.pfb><H:/Program Files/MiKTeX 2.9/f
onts/type1/public/amsfonts/cm/cmbx8.pfb><H:/Program Files/MiKTeX 2.9/fonts/type
1/public/amsfonts/cm/cmex10.pfb><H:/Program Files/MiKTeX 2.9/fonts/type1/public
/amsfonts/cm/cmmi10.pfb><H:/Program Files/MiKTeX 2.9/fonts/type1/public/amsfont
s/cm/cmmi5.pfb><H:/Program Files/MiKTeX 2.9/fonts/type1/public/amsfonts/cm/cmmi
7.pfb><H:/Program Files/MiKTeX 2.9/fonts/type1/public/amsfonts/cm/cmmi8.pfb><H:
/Program Files/MiKTeX 2.9/fonts/type1/public/amsfonts/cm/cmmib10.pfb><H:/Progra
m Files/MiKTeX 2.9/fonts/type1/public/amsfonts/cm/cmr10.pfb><H:/Program Files/M
iKTeX 2.9/fonts/type1/public/amsfonts/cm/cmr5.pfb><H:/Program Files/MiKTeX 2.9/
fonts/type1/public/amsfonts/cm/cmr7.pfb><H:/Program Files/MiKTeX 2.9/fonts/type
1/public/amsfonts/cm/cmr8.pfb><H:/Program Files/MiKTeX 2.9/fonts/type1/public/a
msfonts/cm/cmsy10.pfb><H:/Program Files/MiKTeX 2.9/fonts/type1/public/amsfonts/
cm/cmsy5.pfb><H:/Program Files/MiKTeX 2.9/fonts/type1/public/amsfonts/cm/cmsy7.
pfb><H:/Program Files/MiKTeX 2.9/fonts/type1/public/amsfonts/cm/cmsy8.pfb><H:/P
rogram Files/MiKTeX 2.9/fonts/type1/public/amsfonts/cm/cmti10.pfb><H:/Program F
iles/MiKTeX 2.9/fonts/type1/public/amsfonts/cm/cmti8.pfb><H:/Program Files/MiKT
eX 2.9/fonts/type1/public/amsfonts/symbols/msbm10.pfb>
Output written on Takami_Furukawa_etal_AutonomousRobots2014.pdf (13 pages, 2701
963 bytes).
PDF statistics:
 575 PDF objects out of 1000 (max. 8388607)
 143 named destinations out of 1000 (max. 500000)
 372 words of extra memory for PDF output out of 10000 (max. 10000000)

